20:39:07.223 [main] INFO  fr.inria.lille.repair.nopol.NoPol - Source files: [/apiarty/data/MATH-891/commons-math/src/main/java, /apiarty/data/MATH-891/commons-math/src/test/java]
20:39:07.228 [main] INFO  fr.inria.lille.repair.nopol.NoPol - Classpath: [file:/apiarty/data/MATH-891/commons-math/target/classes/, file:/apiarty/data/MATH-891/commons-math/target/test-classes/, file:/root/.m2/repository/junit/junit/4.10/junit-4.10.jar, file:/root/.m2/repository/org/hamcrest/hamcrest-core/1.1/hamcrest-core-1.1.jar]
20:39:07.230 [main] INFO  fr.inria.lille.repair.nopol.NoPol - Statement type: PRE_THEN_COND
20:39:07.232 [main] INFO  fr.inria.lille.repair.nopol.NoPol - Args: [org.apache.commons.math3.RetryRunnerTest, org.apache.commons.math3.analysis.FunctionUtilsTest, org.apache.commons.math3.analysis.differentiation.DSCompilerTest, org.apache.commons.math3.analysis.differentiation.DerivativeStructureTest, org.apache.commons.math3.analysis.differentiation.FiniteDifferencesDifferentiatorTest, org.apache.commons.math3.analysis.differentiation.GradientFunctionTest, org.apache.commons.math3.analysis.differentiation.JacobianFunctionTest, org.apache.commons.math3.analysis.function.GaussianTest, org.apache.commons.math3.analysis.function.HarmonicOscillatorTest, org.apache.commons.math3.analysis.function.LogisticTest, org.apache.commons.math3.analysis.function.LogitTest, org.apache.commons.math3.analysis.function.SigmoidTest, org.apache.commons.math3.analysis.function.SincTest, org.apache.commons.math3.analysis.function.SqrtTest, org.apache.commons.math3.analysis.function.StepFunctionTest, org.apache.commons.math3.analysis.integration.IterativeLegendreGaussIntegratorTest, org.apache.commons.math3.analysis.integration.LegendreGaussIntegratorTest, org.apache.commons.math3.analysis.integration.RombergIntegratorTest, org.apache.commons.math3.analysis.integration.SimpsonIntegratorTest, org.apache.commons.math3.analysis.integration.TrapezoidIntegratorTest, org.apache.commons.math3.analysis.integration.gauss.BaseRuleFactoryTest, org.apache.commons.math3.analysis.integration.gauss.LegendreHighPrecisionParametricTest, org.apache.commons.math3.analysis.integration.gauss.LegendreHighPrecisionTest, org.apache.commons.math3.analysis.integration.gauss.LegendreParametricTest, org.apache.commons.math3.analysis.integration.gauss.LegendreTest, org.apache.commons.math3.analysis.interpolation.BicubicSplineInterpolatingFunctionTest, org.apache.commons.math3.analysis.interpolation.BicubicSplineInterpolatorTest, org.apache.commons.math3.analysis.interpolation.DividedDifferenceInterpolatorTest, org.apache.commons.math3.analysis.interpolation.FieldHermiteInterpolatorTest, org.apache.commons.math3.analysis.interpolation.HermiteInterpolatorTest, org.apache.commons.math3.analysis.interpolation.LinearInterpolatorTest, org.apache.commons.math3.analysis.interpolation.LoessInterpolatorTest, org.apache.commons.math3.analysis.interpolation.MicrosphereInterpolatorTest, org.apache.commons.math3.analysis.interpolation.NevilleInterpolatorTest, org.apache.commons.math3.analysis.interpolation.SmoothingPolynomialBicubicSplineInterpolatorTest, org.apache.commons.math3.analysis.interpolation.SplineInterpolatorTest, org.apache.commons.math3.analysis.interpolation.TricubicSplineInterpolatingFunctionTest, org.apache.commons.math3.analysis.interpolation.TricubicSplineInterpolatorTest, org.apache.commons.math3.analysis.interpolation.UnivariatePeriodicInterpolatorTest, org.apache.commons.math3.analysis.polynomials.PolynomialFunctionLagrangeFormTest, org.apache.commons.math3.analysis.polynomials.PolynomialFunctionNewtonFormTest, org.apache.commons.math3.analysis.polynomials.PolynomialFunctionTest, org.apache.commons.math3.analysis.polynomials.PolynomialSplineFunctionTest, org.apache.commons.math3.analysis.polynomials.PolynomialsUtilsTest, org.apache.commons.math3.analysis.solvers.BisectionSolverTest, org.apache.commons.math3.analysis.solvers.BracketingNthOrderBrentSolverTest, org.apache.commons.math3.analysis.solvers.BrentSolverTest, org.apache.commons.math3.analysis.solvers.IllinoisSolverTest, org.apache.commons.math3.analysis.solvers.LaguerreSolverTest, org.apache.commons.math3.analysis.solvers.MullerSolver2Test, org.apache.commons.math3.analysis.solvers.MullerSolverTest, org.apache.commons.math3.analysis.solvers.NewtonRaphsonSolverTest, org.apache.commons.math3.analysis.solvers.NewtonSolverTest, org.apache.commons.math3.analysis.solvers.PegasusSolverTest, org.apache.commons.math3.analysis.solvers.RegulaFalsiSolverTest, org.apache.commons.math3.analysis.solvers.RiddersSolverTest, org.apache.commons.math3.analysis.solvers.SecantSolverTest, org.apache.commons.math3.analysis.solvers.UnivariateSolverUtilsTest, org.apache.commons.math3.complex.ComplexFieldTest, org.apache.commons.math3.complex.ComplexFormatTest, org.apache.commons.math3.complex.ComplexTest, org.apache.commons.math3.complex.ComplexUtilsTest, org.apache.commons.math3.complex.FrenchComplexFormatTest, org.apache.commons.math3.complex.QuaternionTest, org.apache.commons.math3.complex.RootsOfUnityTest, org.apache.commons.math3.dfp.BracketingNthOrderBrentSolverDFPTest, org.apache.commons.math3.dfp.DfpDecTest, org.apache.commons.math3.dfp.DfpMathTest, org.apache.commons.math3.dfp.DfpTest, org.apache.commons.math3.distribution.AbstractIntegerDistributionTest, org.apache.commons.math3.distribution.AbstractRealDistributionTest, org.apache.commons.math3.distribution.BetaDistributionTest, org.apache.commons.math3.distribution.BinomialDistributionTest, org.apache.commons.math3.distribution.CauchyDistributionTest, org.apache.commons.math3.distribution.ChiSquaredDistributionTest, org.apache.commons.math3.distribution.EnumeratedIntegerDistributionTest, org.apache.commons.math3.distribution.EnumeratedRealDistributionTest, org.apache.commons.math3.distribution.ExponentialDistributionTest, org.apache.commons.math3.distribution.FDistributionTest, org.apache.commons.math3.distribution.GammaDistributionTest, org.apache.commons.math3.distribution.HypergeometricDistributionTest, org.apache.commons.math3.distribution.KolmogorovSmirnovDistributionTest, org.apache.commons.math3.distribution.LevyDistributionTest, org.apache.commons.math3.distribution.LogNormalDistributionTest, org.apache.commons.math3.distribution.MultivariateNormalDistributionTest, org.apache.commons.math3.distribution.MultivariateNormalMixtureModelDistributionTest, org.apache.commons.math3.distribution.NormalDistributionTest, org.apache.commons.math3.distribution.PascalDistributionTest, org.apache.commons.math3.distribution.PoissonDistributionTest, org.apache.commons.math3.distribution.TDistributionTest, org.apache.commons.math3.distribution.TriangularDistributionTest, org.apache.commons.math3.distribution.UniformIntegerDistributionTest, org.apache.commons.math3.distribution.UniformRealDistributionTest, org.apache.commons.math3.distribution.WeibullDistributionTest, org.apache.commons.math3.distribution.ZipfDistributionTest, org.apache.commons.math3.distribution.fitting.MultivariateNormalMixtureExpectationMaximizationTest, org.apache.commons.math3.exception.DimensionMismatchExceptionTest, org.apache.commons.math3.exception.MaxCountExceededExceptionTest, org.apache.commons.math3.exception.NonMonotonicSequenceExceptionTest, org.apache.commons.math3.exception.NotPositiveExceptionTest, org.apache.commons.math3.exception.NotStrictlyPositiveExceptionTest, org.apache.commons.math3.exception.NumberIsTooLargeExceptionTest, org.apache.commons.math3.exception.NumberIsTooSmallExceptionTest, org.apache.commons.math3.exception.OutOfRangeExceptionTest, org.apache.commons.math3.exception.TooManyEvaluationsExceptionTest, org.apache.commons.math3.exception.util.ArgUtilsTest, org.apache.commons.math3.exception.util.ExceptionContextTest, org.apache.commons.math3.exception.util.LocalizedFormatsTest, org.apache.commons.math3.filter.KalmanFilterTest, org.apache.commons.math3.fitting.CurveFitterTest, org.apache.commons.math3.fitting.GaussianFitterTest, org.apache.commons.math3.fitting.HarmonicFitterTest, org.apache.commons.math3.fitting.PolynomialFitterTest, org.apache.commons.math3.fraction.BigFractionFieldTest, org.apache.commons.math3.fraction.BigFractionFormatTest, org.apache.commons.math3.fraction.BigFractionTest, org.apache.commons.math3.fraction.FractionFieldTest, org.apache.commons.math3.fraction.FractionFormatTest, org.apache.commons.math3.fraction.FractionTest, org.apache.commons.math3.genetics.BinaryChromosomeTest, org.apache.commons.math3.genetics.BinaryMutationTest, org.apache.commons.math3.genetics.ChromosomeTest, org.apache.commons.math3.genetics.CycleCrossoverTest, org.apache.commons.math3.genetics.ElitisticListPopulationTest, org.apache.commons.math3.genetics.FitnessCachingTest, org.apache.commons.math3.genetics.FixedElapsedTimeTest, org.apache.commons.math3.genetics.FixedGenerationCountTest, org.apache.commons.math3.genetics.GeneticAlgorithmTestBinary, org.apache.commons.math3.genetics.GeneticAlgorithmTestPermutations, org.apache.commons.math3.genetics.ListPopulationTest, org.apache.commons.math3.genetics.NPointCrossoverTest, org.apache.commons.math3.genetics.OnePointCrossoverTest, org.apache.commons.math3.genetics.OrderedCrossoverTest, org.apache.commons.math3.genetics.RandomKeyMutationTest, org.apache.commons.math3.genetics.RandomKeyTest, org.apache.commons.math3.genetics.TournamentSelectionTest, org.apache.commons.math3.genetics.UniformCrossoverTest, org.apache.commons.math3.geometry.euclidean.oned.IntervalTest, org.apache.commons.math3.geometry.euclidean.oned.IntervalsSetTest, org.apache.commons.math3.geometry.euclidean.threed.FieldRotationDSTest, org.apache.commons.math3.geometry.euclidean.threed.FieldRotationDfpTest, org.apache.commons.math3.geometry.euclidean.threed.FieldVector3DTest, org.apache.commons.math3.geometry.euclidean.threed.FrenchVector3DFormatTest, org.apache.commons.math3.geometry.euclidean.threed.LineTest, org.apache.commons.math3.geometry.euclidean.threed.PlaneTest, org.apache.commons.math3.geometry.euclidean.threed.PolyhedronsSetTest, org.apache.commons.math3.geometry.euclidean.threed.RotationOrderTest, org.apache.commons.math3.geometry.euclidean.threed.RotationTest, org.apache.commons.math3.geometry.euclidean.threed.SphericalCoordinatesTest, org.apache.commons.math3.geometry.euclidean.threed.SubLineTest, org.apache.commons.math3.geometry.euclidean.threed.Vector3DFormatTest, org.apache.commons.math3.geometry.euclidean.threed.Vector3DTest, org.apache.commons.math3.geometry.euclidean.twod.LineTest, org.apache.commons.math3.geometry.euclidean.twod.PolygonsSetTest, org.apache.commons.math3.geometry.euclidean.twod.SegmentTest, org.apache.commons.math3.geometry.euclidean.twod.SubLineTest, org.apache.commons.math3.geometry.partitioning.utilities.AVLTreeTest, org.apache.commons.math3.linear.Array2DRowRealMatrixTest, org.apache.commons.math3.linear.ArrayFieldVectorTest, org.apache.commons.math3.linear.ArrayRealVectorTest, org.apache.commons.math3.linear.BiDiagonalTransformerTest, org.apache.commons.math3.linear.BlockFieldMatrixTest, org.apache.commons.math3.linear.BlockRealMatrixTest, org.apache.commons.math3.linear.CholeskyDecompositionTest, org.apache.commons.math3.linear.CholeskySolverTest, org.apache.commons.math3.linear.ConjugateGradientTest, org.apache.commons.math3.linear.DiagonalMatrixTest, org.apache.commons.math3.linear.EigenDecompositionTest, org.apache.commons.math3.linear.EigenSolverTest, org.apache.commons.math3.linear.FieldLUDecompositionTest, org.apache.commons.math3.linear.FieldLUSolverTest, org.apache.commons.math3.linear.FieldMatrixImplTest, org.apache.commons.math3.linear.FrenchRealVectorFormatTest, org.apache.commons.math3.linear.HessenbergTransformerTest, org.apache.commons.math3.linear.LUDecompositionTest, org.apache.commons.math3.linear.LUSolverTest, org.apache.commons.math3.linear.MatrixDimensionMismatchExceptionTest, org.apache.commons.math3.linear.MatrixUtilsTest, org.apache.commons.math3.linear.OpenMapRealMatrixTest, org.apache.commons.math3.linear.QRDecompositionTest, org.apache.commons.math3.linear.QRSolverTest, org.apache.commons.math3.linear.RRQRDecompositionTest, org.apache.commons.math3.linear.RRQRSolverTest, org.apache.commons.math3.linear.RealMatrixFormatTest, org.apache.commons.math3.linear.RealVectorFormatTest, org.apache.commons.math3.linear.RealVectorTest, org.apache.commons.math3.linear.RectangularCholeskyDecompositionTest, org.apache.commons.math3.linear.SchurTransformerTest, org.apache.commons.math3.linear.SingularValueDecompositionTest, org.apache.commons.math3.linear.SingularValueSolverTest, org.apache.commons.math3.linear.SparseFieldMatrixTest, org.apache.commons.math3.linear.SparseFieldVectorTest, org.apache.commons.math3.linear.SparseRealMatrixTest, org.apache.commons.math3.linear.SparseRealVectorTest, org.apache.commons.math3.linear.SymmLQTest, org.apache.commons.math3.linear.TriDiagonalTransformerTest, org.apache.commons.math3.linear.UnmodifiableArrayRealVectorTest, org.apache.commons.math3.linear.UnmodifiableOpenMapRealVectorTest, org.apache.commons.math3.ode.ContinuousOutputModelTest, org.apache.commons.math3.ode.FirstOrderConverterTest, org.apache.commons.math3.ode.JacobianMatricesTest, org.apache.commons.math3.ode.events.EventFilterTest, org.apache.commons.math3.ode.events.EventStateTest, org.apache.commons.math3.ode.events.OverlappingEventsTest, org.apache.commons.math3.ode.events.ReappearingEventTest, org.apache.commons.math3.ode.nonstiff.AdamsBashforthIntegratorTest, org.apache.commons.math3.ode.nonstiff.AdamsMoultonIntegratorTest, org.apache.commons.math3.ode.nonstiff.ClassicalRungeKuttaIntegratorTest, org.apache.commons.math3.ode.nonstiff.ClassicalRungeKuttaStepInterpolatorTest, org.apache.commons.math3.ode.nonstiff.DormandPrince54IntegratorTest, org.apache.commons.math3.ode.nonstiff.DormandPrince54StepInterpolatorTest, org.apache.commons.math3.ode.nonstiff.DormandPrince853IntegratorTest, org.apache.commons.math3.ode.nonstiff.DormandPrince853StepInterpolatorTest, org.apache.commons.math3.ode.nonstiff.EulerIntegratorTest, org.apache.commons.math3.ode.nonstiff.EulerStepInterpolatorTest, org.apache.commons.math3.ode.nonstiff.GillIntegratorTest, org.apache.commons.math3.ode.nonstiff.GillStepInterpolatorTest, org.apache.commons.math3.ode.nonstiff.GraggBulirschStoerIntegratorTest, org.apache.commons.math3.ode.nonstiff.GraggBulirschStoerStepInterpolatorTest, org.apache.commons.math3.ode.nonstiff.HighamHall54IntegratorTest, org.apache.commons.math3.ode.nonstiff.HighamHall54StepInterpolatorTest, org.apache.commons.math3.ode.nonstiff.MidpointIntegratorTest, org.apache.commons.math3.ode.nonstiff.MidpointStepInterpolatorTest, org.apache.commons.math3.ode.nonstiff.ThreeEighthesIntegratorTest, org.apache.commons.math3.ode.nonstiff.ThreeEighthesStepInterpolatorTest, org.apache.commons.math3.ode.sampling.DummyStepInterpolatorTest, org.apache.commons.math3.ode.sampling.NordsieckStepInterpolatorTest, org.apache.commons.math3.ode.sampling.StepNormalizerOutputOverlapTest, org.apache.commons.math3.ode.sampling.StepNormalizerOutputTest, org.apache.commons.math3.ode.sampling.StepNormalizerTest, org.apache.commons.math3.optim.PointValuePairTest, org.apache.commons.math3.optim.PointVectorValuePairTest, org.apache.commons.math3.optim.SimplePointCheckerTest, org.apache.commons.math3.optim.SimpleValueCheckerTest, org.apache.commons.math3.optim.SimpleVectorValueCheckerTest, org.apache.commons.math3.optim.linear.SimplexSolverTest, org.apache.commons.math3.optim.linear.SimplexTableauTest, org.apache.commons.math3.optim.nonlinear.scalar.MultiStartMultivariateOptimizerTest, org.apache.commons.math3.optim.nonlinear.scalar.MultivariateFunctionMappingAdapterTest, org.apache.commons.math3.optim.nonlinear.scalar.MultivariateFunctionPenaltyAdapterTest, org.apache.commons.math3.optim.nonlinear.scalar.gradient.NonLinearConjugateGradientOptimizerTest, org.apache.commons.math3.optim.nonlinear.scalar.noderiv.BOBYQAOptimizerTest, org.apache.commons.math3.optim.nonlinear.scalar.noderiv.CMAESOptimizerTest, org.apache.commons.math3.optim.nonlinear.scalar.noderiv.PowellOptimizerTest, org.apache.commons.math3.optim.nonlinear.scalar.noderiv.SimplexOptimizerMultiDirectionalTest, org.apache.commons.math3.optim.nonlinear.scalar.noderiv.SimplexOptimizerNelderMeadTest, org.apache.commons.math3.optim.nonlinear.vector.MultiStartMultivariateVectorOptimizerTest, org.apache.commons.math3.optim.nonlinear.vector.jacobian.AbstractLeastSquaresOptimizerTest, org.apache.commons.math3.optim.nonlinear.vector.jacobian.AbstractLeastSquaresOptimizerTestValidation, org.apache.commons.math3.optim.nonlinear.vector.jacobian.GaussNewtonOptimizerTest, org.apache.commons.math3.optim.nonlinear.vector.jacobian.LevenbergMarquardtOptimizerTest, org.apache.commons.math3.optim.nonlinear.vector.jacobian.MinpackTest, org.apache.commons.math3.optim.univariate.BracketFinderTest, org.apache.commons.math3.optim.univariate.BrentOptimizerTest, org.apache.commons.math3.optim.univariate.MultiStartUnivariateOptimizerTest, org.apache.commons.math3.optim.univariate.SimpleUnivariateValueCheckerTest, org.apache.commons.math3.optimization.MultivariateDifferentiableMultiStartOptimizerTest, org.apache.commons.math3.optimization.MultivariateDifferentiableVectorMultiStartOptimizerTest, org.apache.commons.math3.optimization.MultivariateMultiStartOptimizerTest, org.apache.commons.math3.optimization.PointValuePairTest, org.apache.commons.math3.optimization.PointVectorValuePairTest, org.apache.commons.math3.optimization.SimplePointCheckerTest, org.apache.commons.math3.optimization.SimpleValueCheckerTest, org.apache.commons.math3.optimization.SimpleVectorValueCheckerTest, org.apache.commons.math3.optimization.direct.BOBYQAOptimizerTest, org.apache.commons.math3.optimization.direct.CMAESOptimizerTest, org.apache.commons.math3.optimization.direct.MultivariateFunctionMappingAdapterTest, org.apache.commons.math3.optimization.direct.MultivariateFunctionPenaltyAdapterTest, org.apache.commons.math3.optimization.direct.PowellOptimizerTest, org.apache.commons.math3.optimization.direct.SimplexOptimizerMultiDirectionalTest, org.apache.commons.math3.optimization.direct.SimplexOptimizerNelderMeadTest, org.apache.commons.math3.optimization.fitting.CurveFitterTest, org.apache.commons.math3.optimization.fitting.GaussianFitterTest, org.apache.commons.math3.optimization.fitting.HarmonicFitterTest, org.apache.commons.math3.optimization.fitting.PolynomialFitterTest, org.apache.commons.math3.optimization.general.AbstractLeastSquaresOptimizerTest, org.apache.commons.math3.optimization.general.AbstractLeastSquaresOptimizerTestValidation, org.apache.commons.math3.optimization.general.GaussNewtonOptimizerTest, org.apache.commons.math3.optimization.general.LevenbergMarquardtOptimizerTest, org.apache.commons.math3.optimization.general.MinpackTest, org.apache.commons.math3.optimization.general.NonLinearConjugateGradientOptimizerTest, org.apache.commons.math3.optimization.linear.SimplexSolverTest, org.apache.commons.math3.optimization.linear.SimplexTableauTest, org.apache.commons.math3.optimization.univariate.BracketFinderTest, org.apache.commons.math3.optimization.univariate.BrentOptimizerTest, org.apache.commons.math3.optimization.univariate.SimpleUnivariateValueCheckerTest, org.apache.commons.math3.optimization.univariate.UnivariateMultiStartOptimizerTest, org.apache.commons.math3.primes.PrimesTest, org.apache.commons.math3.random.AbstractRandomGeneratorTest, org.apache.commons.math3.random.BitsStreamGeneratorTest, org.apache.commons.math3.random.CorrelatedRandomVectorGeneratorTest, org.apache.commons.math3.random.EmpiricalDistributionTest, org.apache.commons.math3.random.GaussianRandomGeneratorTest, org.apache.commons.math3.random.ISAACTest, org.apache.commons.math3.random.MersenneTwisterTest, org.apache.commons.math3.random.RandomAdaptorTest, org.apache.commons.math3.random.RandomDataGeneratorTest, org.apache.commons.math3.random.RandomGeneratorAbstractTest, org.apache.commons.math3.random.StableRandomGeneratorTest, org.apache.commons.math3.random.SynchronizedRandomGeneratorTest, org.apache.commons.math3.random.UncorrelatedRandomVectorGeneratorTest, org.apache.commons.math3.random.UniformRandomGeneratorTest, org.apache.commons.math3.random.UnitSphereRandomVectorGeneratorTest, org.apache.commons.math3.random.ValueServerTest, org.apache.commons.math3.random.Well1024aTest, org.apache.commons.math3.random.Well19937aTest, org.apache.commons.math3.random.Well19937cTest, org.apache.commons.math3.random.Well44497aTest, org.apache.commons.math3.random.Well44497bTest, org.apache.commons.math3.random.Well512aTest, org.apache.commons.math3.special.BetaTest, org.apache.commons.math3.special.ErfTest, org.apache.commons.math3.special.GammaTest, org.apache.commons.math3.stat.CertifiedDataTest, org.apache.commons.math3.stat.FrequencyTest, org.apache.commons.math3.stat.StatUtilsTest, org.apache.commons.math3.stat.clustering.DBSCANClustererTest, org.apache.commons.math3.stat.clustering.EuclideanDoublePointTest, org.apache.commons.math3.stat.clustering.EuclideanIntegerPointTest, org.apache.commons.math3.stat.clustering.KMeansPlusPlusClustererTest, org.apache.commons.math3.stat.correlation.CovarianceTest, org.apache.commons.math3.stat.correlation.PearsonsCorrelationTest, org.apache.commons.math3.stat.correlation.SpearmansRankCorrelationTest, org.apache.commons.math3.stat.correlation.StorelessCovarianceTest, org.apache.commons.math3.stat.data.LewTest, org.apache.commons.math3.stat.data.LotteryTest, org.apache.commons.math3.stat.descriptive.AbstractUnivariateStatisticTest, org.apache.commons.math3.stat.descriptive.AggregateSummaryStatisticsTest, org.apache.commons.math3.stat.descriptive.DescriptiveStatisticsTest, org.apache.commons.math3.stat.descriptive.ListUnivariateImplTest, org.apache.commons.math3.stat.descriptive.MixedListUnivariateImplTest, org.apache.commons.math3.stat.descriptive.MultivariateSummaryStatisticsTest, org.apache.commons.math3.stat.descriptive.StatisticalSummaryValuesTest, org.apache.commons.math3.stat.descriptive.SummaryStatisticsTest, org.apache.commons.math3.stat.descriptive.SynchronizedDescriptiveStatisticsTest, org.apache.commons.math3.stat.descriptive.SynchronizedMultivariateSummaryStatisticsTest, org.apache.commons.math3.stat.descriptive.SynchronizedSummaryStatisticsTest, org.apache.commons.math3.stat.descriptive.moment.FirstMomentTest, org.apache.commons.math3.stat.descriptive.moment.FourthMomentTest, org.apache.commons.math3.stat.descriptive.moment.GeometricMeanTest, org.apache.commons.math3.stat.descriptive.moment.InteractionTest, org.apache.commons.math3.stat.descriptive.moment.KurtosisTest, org.apache.commons.math3.stat.descriptive.moment.MeanTest, org.apache.commons.math3.stat.descriptive.moment.SecondMomentTest, org.apache.commons.math3.stat.descriptive.moment.SemiVarianceTest, org.apache.commons.math3.stat.descriptive.moment.SkewnessTest, org.apache.commons.math3.stat.descriptive.moment.StandardDeviationTest, org.apache.commons.math3.stat.descriptive.moment.ThirdMomentTest, org.apache.commons.math3.stat.descriptive.moment.VarianceTest, org.apache.commons.math3.stat.descriptive.moment.VectorialCovarianceTest, org.apache.commons.math3.stat.descriptive.moment.VectorialMeanTest, org.apache.commons.math3.stat.descriptive.rank.MaxTest, org.apache.commons.math3.stat.descriptive.rank.MedianTest, org.apache.commons.math3.stat.descriptive.rank.MinTest, org.apache.commons.math3.stat.descriptive.rank.PercentileTest, org.apache.commons.math3.stat.descriptive.summary.ProductTest, org.apache.commons.math3.stat.descriptive.summary.SumLogTest, org.apache.commons.math3.stat.descriptive.summary.SumSqTest, org.apache.commons.math3.stat.descriptive.summary.SumTest, org.apache.commons.math3.stat.inference.ChiSquareTestTest, org.apache.commons.math3.stat.inference.GTestTest, org.apache.commons.math3.stat.inference.MannWhitneyUTestTest, org.apache.commons.math3.stat.inference.OneWayAnovaTest, org.apache.commons.math3.stat.inference.TTestTest, org.apache.commons.math3.stat.inference.TestUtilsTest, org.apache.commons.math3.stat.inference.WilcoxonSignedRankTestTest, org.apache.commons.math3.stat.ranking.NaturalRankingTest, org.apache.commons.math3.stat.regression.GLSMultipleLinearRegressionTest, org.apache.commons.math3.stat.regression.MillerUpdatingRegressionTest, org.apache.commons.math3.stat.regression.OLSMultipleLinearRegressionTest, org.apache.commons.math3.stat.regression.SimpleRegressionTest, org.apache.commons.math3.transform.FastCosineTransformerTest, org.apache.commons.math3.transform.FastFourierTransformerTest, org.apache.commons.math3.transform.FastHadamardTransformerTest, org.apache.commons.math3.transform.FastSineTransformerTest, org.apache.commons.math3.util.ArithmeticUtilsTest, org.apache.commons.math3.util.BigRealFieldTest, org.apache.commons.math3.util.BigRealTest, org.apache.commons.math3.util.ContinuedFractionTest, org.apache.commons.math3.util.Decimal64Test, org.apache.commons.math3.util.DefaultTransformerTest, org.apache.commons.math3.util.FastMathStrictComparisonTest, org.apache.commons.math3.util.FastMathTest, org.apache.commons.math3.util.FastMathTestPerformance, org.apache.commons.math3.util.IncrementorTest, org.apache.commons.math3.util.MathArraysTest, org.apache.commons.math3.util.MathUtilsTest, org.apache.commons.math3.util.MultidimensionalCounterTest, org.apache.commons.math3.util.OpenIntToDoubleHashMapTest, org.apache.commons.math3.util.OpenIntToFieldTest, org.apache.commons.math3.util.PairTest, org.apache.commons.math3.util.PrecisionTest, org.apache.commons.math3.util.ResizableDoubleArrayTest, org.apache.commons.math3.util.TransformerMapTest]
20:39:07.237 [main] INFO  fr.inria.lille.repair.nopol.NoPol - Config: Config{synthesisDepth=3, collectStaticMethods=true, collectStaticFields=false, collectLiterals=false, onlyOneSynthesisResult=true, sortExpressions=true, maxLineInvocationPerTest=250, timeoutMethodInvocation=2000, dataCollectionTimeoutInSecondForSynthesis=900, addWeight=0.19478, subWeight=0.04554, mulWeight=0.0102, divWeight=0.00613, andWeight=0.10597, orWeight=0.05708, eqWeight=0.22798, nEqWeight=0.0, lessEqWeight=0.0255, lessWeight=0.0947, methodCallWeight=0.1, fieldAccessWeight=0.08099, constantWeight=0.14232, variableWeight=0.05195, mode=REPAIR, type=PRE_THEN_COND, synthesis=SMT, oracle=ANGELIC, solver=Z3, solverPath='/nopol/nopol/lib/z3/z3_for_linux', projectSources=[/apiarty/data/MATH-891/commons-math/src/main/java, /apiarty/data/MATH-891/commons-math/src/test/java], projectClasspath='[Ljava.net.URL;@4ec6a292', projectTests=[org.apache.commons.math3.RetryRunnerTest, org.apache.commons.math3.analysis.FunctionUtilsTest, org.apache.commons.math3.analysis.differentiation.DSCompilerTest, org.apache.commons.math3.analysis.differentiation.DerivativeStructureTest, org.apache.commons.math3.analysis.differentiation.FiniteDifferencesDifferentiatorTest, org.apache.commons.math3.analysis.differentiation.GradientFunctionTest, org.apache.commons.math3.analysis.differentiation.JacobianFunctionTest, org.apache.commons.math3.analysis.function.GaussianTest, org.apache.commons.math3.analysis.function.HarmonicOscillatorTest, org.apache.commons.math3.analysis.function.LogisticTest, org.apache.commons.math3.analysis.function.LogitTest, org.apache.commons.math3.analysis.function.SigmoidTest, org.apache.commons.math3.analysis.function.SincTest, org.apache.commons.math3.analysis.function.SqrtTest, org.apache.commons.math3.analysis.function.StepFunctionTest, org.apache.commons.math3.analysis.integration.IterativeLegendreGaussIntegratorTest, org.apache.commons.math3.analysis.integration.LegendreGaussIntegratorTest, org.apache.commons.math3.analysis.integration.RombergIntegratorTest, org.apache.commons.math3.analysis.integration.SimpsonIntegratorTest, org.apache.commons.math3.analysis.integration.TrapezoidIntegratorTest, org.apache.commons.math3.analysis.integration.gauss.BaseRuleFactoryTest, org.apache.commons.math3.analysis.integration.gauss.LegendreHighPrecisionParametricTest, org.apache.commons.math3.analysis.integration.gauss.LegendreHighPrecisionTest, org.apache.commons.math3.analysis.integration.gauss.LegendreParametricTest, org.apache.commons.math3.analysis.integration.gauss.LegendreTest, org.apache.commons.math3.analysis.interpolation.BicubicSplineInterpolatingFunctionTest, org.apache.commons.math3.analysis.interpolation.BicubicSplineInterpolatorTest, org.apache.commons.math3.analysis.interpolation.DividedDifferenceInterpolatorTest, org.apache.commons.math3.analysis.interpolation.FieldHermiteInterpolatorTest, org.apache.commons.math3.analysis.interpolation.HermiteInterpolatorTest, org.apache.commons.math3.analysis.interpolation.LinearInterpolatorTest, org.apache.commons.math3.analysis.interpolation.LoessInterpolatorTest, org.apache.commons.math3.analysis.interpolation.MicrosphereInterpolatorTest, org.apache.commons.math3.analysis.interpolation.NevilleInterpolatorTest, org.apache.commons.math3.analysis.interpolation.SmoothingPolynomialBicubicSplineInterpolatorTest, org.apache.commons.math3.analysis.interpolation.SplineInterpolatorTest, org.apache.commons.math3.analysis.interpolation.TricubicSplineInterpolatingFunctionTest, org.apache.commons.math3.analysis.interpolation.TricubicSplineInterpolatorTest, org.apache.commons.math3.analysis.interpolation.UnivariatePeriodicInterpolatorTest, org.apache.commons.math3.analysis.polynomials.PolynomialFunctionLagrangeFormTest, org.apache.commons.math3.analysis.polynomials.PolynomialFunctionNewtonFormTest, org.apache.commons.math3.analysis.polynomials.PolynomialFunctionTest, org.apache.commons.math3.analysis.polynomials.PolynomialSplineFunctionTest, org.apache.commons.math3.analysis.polynomials.PolynomialsUtilsTest, org.apache.commons.math3.analysis.solvers.BisectionSolverTest, org.apache.commons.math3.analysis.solvers.BracketingNthOrderBrentSolverTest, org.apache.commons.math3.analysis.solvers.BrentSolverTest, org.apache.commons.math3.analysis.solvers.IllinoisSolverTest, org.apache.commons.math3.analysis.solvers.LaguerreSolverTest, org.apache.commons.math3.analysis.solvers.MullerSolver2Test, org.apache.commons.math3.analysis.solvers.MullerSolverTest, org.apache.commons.math3.analysis.solvers.NewtonRaphsonSolverTest, org.apache.commons.math3.analysis.solvers.NewtonSolverTest, org.apache.commons.math3.analysis.solvers.PegasusSolverTest, org.apache.commons.math3.analysis.solvers.RegulaFalsiSolverTest, org.apache.commons.math3.analysis.solvers.RiddersSolverTest, org.apache.commons.math3.analysis.solvers.SecantSolverTest, org.apache.commons.math3.analysis.solvers.UnivariateSolverUtilsTest, org.apache.commons.math3.complex.ComplexFieldTest, org.apache.commons.math3.complex.ComplexFormatTest, org.apache.commons.math3.complex.ComplexTest, org.apache.commons.math3.complex.ComplexUtilsTest, org.apache.commons.math3.complex.FrenchComplexFormatTest, org.apache.commons.math3.complex.QuaternionTest, org.apache.commons.math3.complex.RootsOfUnityTest, org.apache.commons.math3.dfp.BracketingNthOrderBrentSolverDFPTest, org.apache.commons.math3.dfp.DfpDecTest, org.apache.commons.math3.dfp.DfpMathTest, org.apache.commons.math3.dfp.DfpTest, org.apache.commons.math3.distribution.AbstractIntegerDistributionTest, org.apache.commons.math3.distribution.AbstractRealDistributionTest, org.apache.commons.math3.distribution.BetaDistributionTest, org.apache.commons.math3.distribution.BinomialDistributionTest, org.apache.commons.math3.distribution.CauchyDistributionTest, org.apache.commons.math3.distribution.ChiSquaredDistributionTest, org.apache.commons.math3.distribution.EnumeratedIntegerDistributionTest, org.apache.commons.math3.distribution.EnumeratedRealDistributionTest, org.apache.commons.math3.distribution.ExponentialDistributionTest, org.apache.commons.math3.distribution.FDistributionTest, org.apache.commons.math3.distribution.GammaDistributionTest, org.apache.commons.math3.distribution.HypergeometricDistributionTest, org.apache.commons.math3.distribution.KolmogorovSmirnovDistributionTest, org.apache.commons.math3.distribution.LevyDistributionTest, org.apache.commons.math3.distribution.LogNormalDistributionTest, org.apache.commons.math3.distribution.MultivariateNormalDistributionTest, org.apache.commons.math3.distribution.MultivariateNormalMixtureModelDistributionTest, org.apache.commons.math3.distribution.NormalDistributionTest, org.apache.commons.math3.distribution.PascalDistributionTest, org.apache.commons.math3.distribution.PoissonDistributionTest, org.apache.commons.math3.distribution.TDistributionTest, org.apache.commons.math3.distribution.TriangularDistributionTest, org.apache.commons.math3.distribution.UniformIntegerDistributionTest, org.apache.commons.math3.distribution.UniformRealDistributionTest, org.apache.commons.math3.distribution.WeibullDistributionTest, org.apache.commons.math3.distribution.ZipfDistributionTest, org.apache.commons.math3.distribution.fitting.MultivariateNormalMixtureExpectationMaximizationTest, org.apache.commons.math3.exception.DimensionMismatchExceptionTest, org.apache.commons.math3.exception.MaxCountExceededExceptionTest, org.apache.commons.math3.exception.NonMonotonicSequenceExceptionTest, org.apache.commons.math3.exception.NotPositiveExceptionTest, org.apache.commons.math3.exception.NotStrictlyPositiveExceptionTest, org.apache.commons.math3.exception.NumberIsTooLargeExceptionTest, org.apache.commons.math3.exception.NumberIsTooSmallExceptionTest, org.apache.commons.math3.exception.OutOfRangeExceptionTest, org.apache.commons.math3.exception.TooManyEvaluationsExceptionTest, org.apache.commons.math3.exception.util.ArgUtilsTest, org.apache.commons.math3.exception.util.ExceptionContextTest, org.apache.commons.math3.exception.util.LocalizedFormatsTest, org.apache.commons.math3.filter.KalmanFilterTest, org.apache.commons.math3.fitting.CurveFitterTest, org.apache.commons.math3.fitting.GaussianFitterTest, org.apache.commons.math3.fitting.HarmonicFitterTest, org.apache.commons.math3.fitting.PolynomialFitterTest, org.apache.commons.math3.fraction.BigFractionFieldTest, org.apache.commons.math3.fraction.BigFractionFormatTest, org.apache.commons.math3.fraction.BigFractionTest, org.apache.commons.math3.fraction.FractionFieldTest, org.apache.commons.math3.fraction.FractionFormatTest, org.apache.commons.math3.fraction.FractionTest, org.apache.commons.math3.genetics.BinaryChromosomeTest, org.apache.commons.math3.genetics.BinaryMutationTest, org.apache.commons.math3.genetics.ChromosomeTest, org.apache.commons.math3.genetics.CycleCrossoverTest, org.apache.commons.math3.genetics.ElitisticListPopulationTest, org.apache.commons.math3.genetics.FitnessCachingTest, org.apache.commons.math3.genetics.FixedElapsedTimeTest, org.apache.commons.math3.genetics.FixedGenerationCountTest, org.apache.commons.math3.genetics.GeneticAlgorithmTestBinary, org.apache.commons.math3.genetics.GeneticAlgorithmTestPermutations, org.apache.commons.math3.genetics.ListPopulationTest, org.apache.commons.math3.genetics.NPointCrossoverTest, org.apache.commons.math3.genetics.OnePointCrossoverTest, org.apache.commons.math3.genetics.OrderedCrossoverTest, org.apache.commons.math3.genetics.RandomKeyMutationTest, org.apache.commons.math3.genetics.RandomKeyTest, org.apache.commons.math3.genetics.TournamentSelectionTest, org.apache.commons.math3.genetics.UniformCrossoverTest, org.apache.commons.math3.geometry.euclidean.oned.IntervalTest, org.apache.commons.math3.geometry.euclidean.oned.IntervalsSetTest, org.apache.commons.math3.geometry.euclidean.threed.FieldRotationDSTest, org.apache.commons.math3.geometry.euclidean.threed.FieldRotationDfpTest, org.apache.commons.math3.geometry.euclidean.threed.FieldVector3DTest, org.apache.commons.math3.geometry.euclidean.threed.FrenchVector3DFormatTest, org.apache.commons.math3.geometry.euclidean.threed.LineTest, org.apache.commons.math3.geometry.euclidean.threed.PlaneTest, org.apache.commons.math3.geometry.euclidean.threed.PolyhedronsSetTest, org.apache.commons.math3.geometry.euclidean.threed.RotationOrderTest, org.apache.commons.math3.geometry.euclidean.threed.RotationTest, org.apache.commons.math3.geometry.euclidean.threed.SphericalCoordinatesTest, org.apache.commons.math3.geometry.euclidean.threed.SubLineTest, org.apache.commons.math3.geometry.euclidean.threed.Vector3DFormatTest, org.apache.commons.math3.geometry.euclidean.threed.Vector3DTest, org.apache.commons.math3.geometry.euclidean.twod.LineTest, org.apache.commons.math3.geometry.euclidean.twod.PolygonsSetTest, org.apache.commons.math3.geometry.euclidean.twod.SegmentTest, org.apache.commons.math3.geometry.euclidean.twod.SubLineTest, org.apache.commons.math3.geometry.partitioning.utilities.AVLTreeTest, org.apache.commons.math3.linear.Array2DRowRealMatrixTest, org.apache.commons.math3.linear.ArrayFieldVectorTest, org.apache.commons.math3.linear.ArrayRealVectorTest, org.apache.commons.math3.linear.BiDiagonalTransformerTest, org.apache.commons.math3.linear.BlockFieldMatrixTest, org.apache.commons.math3.linear.BlockRealMatrixTest, org.apache.commons.math3.linear.CholeskyDecompositionTest, org.apache.commons.math3.linear.CholeskySolverTest, org.apache.commons.math3.linear.ConjugateGradientTest, org.apache.commons.math3.linear.DiagonalMatrixTest, org.apache.commons.math3.linear.EigenDecompositionTest, org.apache.commons.math3.linear.EigenSolverTest, org.apache.commons.math3.linear.FieldLUDecompositionTest, org.apache.commons.math3.linear.FieldLUSolverTest, org.apache.commons.math3.linear.FieldMatrixImplTest, org.apache.commons.math3.linear.FrenchRealVectorFormatTest, org.apache.commons.math3.linear.HessenbergTransformerTest, org.apache.commons.math3.linear.LUDecompositionTest, org.apache.commons.math3.linear.LUSolverTest, org.apache.commons.math3.linear.MatrixDimensionMismatchExceptionTest, org.apache.commons.math3.linear.MatrixUtilsTest, org.apache.commons.math3.linear.OpenMapRealMatrixTest, org.apache.commons.math3.linear.QRDecompositionTest, org.apache.commons.math3.linear.QRSolverTest, org.apache.commons.math3.linear.RRQRDecompositionTest, org.apache.commons.math3.linear.RRQRSolverTest, org.apache.commons.math3.linear.RealMatrixFormatTest, org.apache.commons.math3.linear.RealVectorFormatTest, org.apache.commons.math3.linear.RealVectorTest, org.apache.commons.math3.linear.RectangularCholeskyDecompositionTest, org.apache.commons.math3.linear.SchurTransformerTest, org.apache.commons.math3.linear.SingularValueDecompositionTest, org.apache.commons.math3.linear.SingularValueSolverTest, org.apache.commons.math3.linear.SparseFieldMatrixTest, org.apache.commons.math3.linear.SparseFieldVectorTest, org.apache.commons.math3.linear.SparseRealMatrixTest, org.apache.commons.math3.linear.SparseRealVectorTest, org.apache.commons.math3.linear.SymmLQTest, org.apache.commons.math3.linear.TriDiagonalTransformerTest, org.apache.commons.math3.linear.UnmodifiableArrayRealVectorTest, org.apache.commons.math3.linear.UnmodifiableOpenMapRealVectorTest, org.apache.commons.math3.ode.ContinuousOutputModelTest, org.apache.commons.math3.ode.FirstOrderConverterTest, org.apache.commons.math3.ode.JacobianMatricesTest, org.apache.commons.math3.ode.events.EventFilterTest, org.apache.commons.math3.ode.events.EventStateTest, org.apache.commons.math3.ode.events.OverlappingEventsTest, org.apache.commons.math3.ode.events.ReappearingEventTest, org.apache.commons.math3.ode.nonstiff.AdamsBashforthIntegratorTest, org.apache.commons.math3.ode.nonstiff.AdamsMoultonIntegratorTest, org.apache.commons.math3.ode.nonstiff.ClassicalRungeKuttaIntegratorTest, org.apache.commons.math3.ode.nonstiff.ClassicalRungeKuttaStepInterpolatorTest, org.apache.commons.math3.ode.nonstiff.DormandPrince54IntegratorTest, org.apache.commons.math3.ode.nonstiff.DormandPrince54StepInterpolatorTest, org.apache.commons.math3.ode.nonstiff.DormandPrince853IntegratorTest, org.apache.commons.math3.ode.nonstiff.DormandPrince853StepInterpolatorTest, org.apache.commons.math3.ode.nonstiff.EulerIntegratorTest, org.apache.commons.math3.ode.nonstiff.EulerStepInterpolatorTest, org.apache.commons.math3.ode.nonstiff.GillIntegratorTest, org.apache.commons.math3.ode.nonstiff.GillStepInterpolatorTest, org.apache.commons.math3.ode.nonstiff.GraggBulirschStoerIntegratorTest, org.apache.commons.math3.ode.nonstiff.GraggBulirschStoerStepInterpolatorTest, org.apache.commons.math3.ode.nonstiff.HighamHall54IntegratorTest, org.apache.commons.math3.ode.nonstiff.HighamHall54StepInterpolatorTest, org.apache.commons.math3.ode.nonstiff.MidpointIntegratorTest, org.apache.commons.math3.ode.nonstiff.MidpointStepInterpolatorTest, org.apache.commons.math3.ode.nonstiff.ThreeEighthesIntegratorTest, org.apache.commons.math3.ode.nonstiff.ThreeEighthesStepInterpolatorTest, org.apache.commons.math3.ode.sampling.DummyStepInterpolatorTest, org.apache.commons.math3.ode.sampling.NordsieckStepInterpolatorTest, org.apache.commons.math3.ode.sampling.StepNormalizerOutputOverlapTest, org.apache.commons.math3.ode.sampling.StepNormalizerOutputTest, org.apache.commons.math3.ode.sampling.StepNormalizerTest, org.apache.commons.math3.optim.PointValuePairTest, org.apache.commons.math3.optim.PointVectorValuePairTest, org.apache.commons.math3.optim.SimplePointCheckerTest, org.apache.commons.math3.optim.SimpleValueCheckerTest, org.apache.commons.math3.optim.SimpleVectorValueCheckerTest, org.apache.commons.math3.optim.linear.SimplexSolverTest, org.apache.commons.math3.optim.linear.SimplexTableauTest, org.apache.commons.math3.optim.nonlinear.scalar.MultiStartMultivariateOptimizerTest, org.apache.commons.math3.optim.nonlinear.scalar.MultivariateFunctionMappingAdapterTest, org.apache.commons.math3.optim.nonlinear.scalar.MultivariateFunctionPenaltyAdapterTest, org.apache.commons.math3.optim.nonlinear.scalar.gradient.NonLinearConjugateGradientOptimizerTest, org.apache.commons.math3.optim.nonlinear.scalar.noderiv.BOBYQAOptimizerTest, org.apache.commons.math3.optim.nonlinear.scalar.noderiv.CMAESOptimizerTest, org.apache.commons.math3.optim.nonlinear.scalar.noderiv.PowellOptimizerTest, org.apache.commons.math3.optim.nonlinear.scalar.noderiv.SimplexOptimizerMultiDirectionalTest, org.apache.commons.math3.optim.nonlinear.scalar.noderiv.SimplexOptimizerNelderMeadTest, org.apache.commons.math3.optim.nonlinear.vector.MultiStartMultivariateVectorOptimizerTest, org.apache.commons.math3.optim.nonlinear.vector.jacobian.AbstractLeastSquaresOptimizerTest, org.apache.commons.math3.optim.nonlinear.vector.jacobian.AbstractLeastSquaresOptimizerTestValidation, org.apache.commons.math3.optim.nonlinear.vector.jacobian.GaussNewtonOptimizerTest, org.apache.commons.math3.optim.nonlinear.vector.jacobian.LevenbergMarquardtOptimizerTest, org.apache.commons.math3.optim.nonlinear.vector.jacobian.MinpackTest, org.apache.commons.math3.optim.univariate.BracketFinderTest, org.apache.commons.math3.optim.univariate.BrentOptimizerTest, org.apache.commons.math3.optim.univariate.MultiStartUnivariateOptimizerTest, org.apache.commons.math3.optim.univariate.SimpleUnivariateValueCheckerTest, org.apache.commons.math3.optimization.MultivariateDifferentiableMultiStartOptimizerTest, org.apache.commons.math3.optimization.MultivariateDifferentiableVectorMultiStartOptimizerTest, org.apache.commons.math3.optimization.MultivariateMultiStartOptimizerTest, org.apache.commons.math3.optimization.PointValuePairTest, org.apache.commons.math3.optimization.PointVectorValuePairTest, org.apache.commons.math3.optimization.SimplePointCheckerTest, org.apache.commons.math3.optimization.SimpleValueCheckerTest, org.apache.commons.math3.optimization.SimpleVectorValueCheckerTest, org.apache.commons.math3.optimization.direct.BOBYQAOptimizerTest, org.apache.commons.math3.optimization.direct.CMAESOptimizerTest, org.apache.commons.math3.optimization.direct.MultivariateFunctionMappingAdapterTest, org.apache.commons.math3.optimization.direct.MultivariateFunctionPenaltyAdapterTest, org.apache.commons.math3.optimization.direct.PowellOptimizerTest, org.apache.commons.math3.optimization.direct.SimplexOptimizerMultiDirectionalTest, org.apache.commons.math3.optimization.direct.SimplexOptimizerNelderMeadTest, org.apache.commons.math3.optimization.fitting.CurveFitterTest, org.apache.commons.math3.optimization.fitting.GaussianFitterTest, org.apache.commons.math3.optimization.fitting.HarmonicFitterTest, org.apache.commons.math3.optimization.fitting.PolynomialFitterTest, org.apache.commons.math3.optimization.general.AbstractLeastSquaresOptimizerTest, org.apache.commons.math3.optimization.general.AbstractLeastSquaresOptimizerTestValidation, org.apache.commons.math3.optimization.general.GaussNewtonOptimizerTest, org.apache.commons.math3.optimization.general.LevenbergMarquardtOptimizerTest, org.apache.commons.math3.optimization.general.MinpackTest, org.apache.commons.math3.optimization.general.NonLinearConjugateGradientOptimizerTest, org.apache.commons.math3.optimization.linear.SimplexSolverTest, org.apache.commons.math3.optimization.linear.SimplexTableauTest, org.apache.commons.math3.optimization.univariate.BracketFinderTest, org.apache.commons.math3.optimization.univariate.BrentOptimizerTest, org.apache.commons.math3.optimization.univariate.SimpleUnivariateValueCheckerTest, org.apache.commons.math3.optimization.univariate.UnivariateMultiStartOptimizerTest, org.apache.commons.math3.primes.PrimesTest, org.apache.commons.math3.random.AbstractRandomGeneratorTest, org.apache.commons.math3.random.BitsStreamGeneratorTest, org.apache.commons.math3.random.CorrelatedRandomVectorGeneratorTest, org.apache.commons.math3.random.EmpiricalDistributionTest, org.apache.commons.math3.random.GaussianRandomGeneratorTest, org.apache.commons.math3.random.ISAACTest, org.apache.commons.math3.random.MersenneTwisterTest, org.apache.commons.math3.random.RandomAdaptorTest, org.apache.commons.math3.random.RandomDataGeneratorTest, org.apache.commons.math3.random.RandomGeneratorAbstractTest, org.apache.commons.math3.random.StableRandomGeneratorTest, org.apache.commons.math3.random.SynchronizedRandomGeneratorTest, org.apache.commons.math3.random.UncorrelatedRandomVectorGeneratorTest, org.apache.commons.math3.random.UniformRandomGeneratorTest, org.apache.commons.math3.random.UnitSphereRandomVectorGeneratorTest, org.apache.commons.math3.random.ValueServerTest, org.apache.commons.math3.random.Well1024aTest, org.apache.commons.math3.random.Well19937aTest, org.apache.commons.math3.random.Well19937cTest, org.apache.commons.math3.random.Well44497aTest, org.apache.commons.math3.random.Well44497bTest, org.apache.commons.math3.random.Well512aTest, org.apache.commons.math3.special.BetaTest, org.apache.commons.math3.special.ErfTest, org.apache.commons.math3.special.GammaTest, org.apache.commons.math3.stat.CertifiedDataTest, org.apache.commons.math3.stat.FrequencyTest, org.apache.commons.math3.stat.StatUtilsTest, org.apache.commons.math3.stat.clustering.DBSCANClustererTest, org.apache.commons.math3.stat.clustering.EuclideanDoublePointTest, org.apache.commons.math3.stat.clustering.EuclideanIntegerPointTest, org.apache.commons.math3.stat.clustering.KMeansPlusPlusClustererTest, org.apache.commons.math3.stat.correlation.CovarianceTest, org.apache.commons.math3.stat.correlation.PearsonsCorrelationTest, org.apache.commons.math3.stat.correlation.SpearmansRankCorrelationTest, org.apache.commons.math3.stat.correlation.StorelessCovarianceTest, org.apache.commons.math3.stat.data.LewTest, org.apache.commons.math3.stat.data.LotteryTest, org.apache.commons.math3.stat.descriptive.AbstractUnivariateStatisticTest, org.apache.commons.math3.stat.descriptive.AggregateSummaryStatisticsTest, org.apache.commons.math3.stat.descriptive.DescriptiveStatisticsTest, org.apache.commons.math3.stat.descriptive.ListUnivariateImplTest, org.apache.commons.math3.stat.descriptive.MixedListUnivariateImplTest, org.apache.commons.math3.stat.descriptive.MultivariateSummaryStatisticsTest, org.apache.commons.math3.stat.descriptive.StatisticalSummaryValuesTest, org.apache.commons.math3.stat.descriptive.SummaryStatisticsTest, org.apache.commons.math3.stat.descriptive.SynchronizedDescriptiveStatisticsTest, org.apache.commons.math3.stat.descriptive.SynchronizedMultivariateSummaryStatisticsTest, org.apache.commons.math3.stat.descriptive.SynchronizedSummaryStatisticsTest, org.apache.commons.math3.stat.descriptive.moment.FirstMomentTest, org.apache.commons.math3.stat.descriptive.moment.FourthMomentTest, org.apache.commons.math3.stat.descriptive.moment.GeometricMeanTest, org.apache.commons.math3.stat.descriptive.moment.InteractionTest, org.apache.commons.math3.stat.descriptive.moment.KurtosisTest, org.apache.commons.math3.stat.descriptive.moment.MeanTest, org.apache.commons.math3.stat.descriptive.moment.SecondMomentTest, org.apache.commons.math3.stat.descriptive.moment.SemiVarianceTest, org.apache.commons.math3.stat.descriptive.moment.SkewnessTest, org.apache.commons.math3.stat.descriptive.moment.StandardDeviationTest, org.apache.commons.math3.stat.descriptive.moment.ThirdMomentTest, org.apache.commons.math3.stat.descriptive.moment.VarianceTest, org.apache.commons.math3.stat.descriptive.moment.VectorialCovarianceTest, org.apache.commons.math3.stat.descriptive.moment.VectorialMeanTest, org.apache.commons.math3.stat.descriptive.rank.MaxTest, org.apache.commons.math3.stat.descriptive.rank.MedianTest, org.apache.commons.math3.stat.descriptive.rank.MinTest, org.apache.commons.math3.stat.descriptive.rank.PercentileTest, org.apache.commons.math3.stat.descriptive.summary.ProductTest, org.apache.commons.math3.stat.descriptive.summary.SumLogTest, org.apache.commons.math3.stat.descriptive.summary.SumSqTest, org.apache.commons.math3.stat.descriptive.summary.SumTest, org.apache.commons.math3.stat.inference.ChiSquareTestTest, org.apache.commons.math3.stat.inference.GTestTest, org.apache.commons.math3.stat.inference.MannWhitneyUTestTest, org.apache.commons.math3.stat.inference.OneWayAnovaTest, org.apache.commons.math3.stat.inference.TTestTest, org.apache.commons.math3.stat.inference.TestUtilsTest, org.apache.commons.math3.stat.inference.WilcoxonSignedRankTestTest, org.apache.commons.math3.stat.ranking.NaturalRankingTest, org.apache.commons.math3.stat.regression.GLSMultipleLinearRegressionTest, org.apache.commons.math3.stat.regression.MillerUpdatingRegressionTest, org.apache.commons.math3.stat.regression.OLSMultipleLinearRegressionTest, org.apache.commons.math3.stat.regression.SimpleRegressionTest, org.apache.commons.math3.transform.FastCosineTransformerTest, org.apache.commons.math3.transform.FastFourierTransformerTest, org.apache.commons.math3.transform.FastHadamardTransformerTest, org.apache.commons.math3.transform.FastSineTransformerTest, org.apache.commons.math3.util.ArithmeticUtilsTest, org.apache.commons.math3.util.BigRealFieldTest, org.apache.commons.math3.util.BigRealTest, org.apache.commons.math3.util.ContinuedFractionTest, org.apache.commons.math3.util.Decimal64Test, org.apache.commons.math3.util.DefaultTransformerTest, org.apache.commons.math3.util.FastMathStrictComparisonTest, org.apache.commons.math3.util.FastMathTest, org.apache.commons.math3.util.FastMathTestPerformance, org.apache.commons.math3.util.IncrementorTest, org.apache.commons.math3.util.MathArraysTest, org.apache.commons.math3.util.MathUtilsTest, org.apache.commons.math3.util.MultidimensionalCounterTest, org.apache.commons.math3.util.OpenIntToDoubleHashMapTest, org.apache.commons.math3.util.OpenIntToFieldTest, org.apache.commons.math3.util.PairTest, org.apache.commons.math3.util.PrecisionTest, org.apache.commons.math3.util.ResizableDoubleArrayTest, org.apache.commons.math3.util.TransformerMapTest], complianceLevel=8, outputFolder=., json=false}
20:39:07.240 [main] INFO  fr.inria.lille.repair.nopol.NoPol - Available processors (cores): 2
20:39:07.249 [main] INFO  fr.inria.lille.repair.nopol.NoPol - Free memory: 48 MB
20:39:07.250 [main] INFO  fr.inria.lille.repair.nopol.NoPol - Maximum memory: 3 GB
20:39:07.252 [main] INFO  fr.inria.lille.repair.nopol.NoPol - Total memory available to JVM: 59 MB
20:39:07.253 [main] INFO  fr.inria.lille.repair.nopol.NoPol - Java version: 1.8.0_232
20:39:07.255 [main] INFO  fr.inria.lille.repair.nopol.NoPol - JAVA_HOME: /usr/lib/jvm/java-8-openjdk-amd64
20:39:07.257 [main] INFO  fr.inria.lille.repair.nopol.NoPol - PATH: /apiarty/apiarty.bin:/usr/local/sbin:/usr/local/bin:/usr/sbin:/usr/bin:/sbin:/bin
20:52:30.773 [pool-1-thread-1] DEBUG fr.inria.lille.repair.nopol.NoPol - statement #1
20:52:30.777 [pool-1-thread-1] DEBUG fr.inria.lille.repair.nopol.NoPol - Analysing SourceLocation org.apache.commons.math3.exception.util.ExceptionContext:137 which is executed by 4 tests
-310961535
20:52:54.553 [pool-1-thread-1] DEBUG fr.inria.lille.repair.nopol.NoPol - statement #2
20:52:54.554 [pool-1-thread-1] DEBUG fr.inria.lille.repair.nopol.NoPol - Analysing SourceLocation org.apache.commons.math3.exception.MathIllegalStateException:80 which is executed by 2 tests
-614386291
20:53:16.575 [pool-1-thread-1] DEBUG fr.inria.lille.repair.nopol.NoPol - statement #3
20:53:16.576 [pool-1-thread-1] DEBUG fr.inria.lille.repair.nopol.NoPol - Analysing SourceLocation org.apache.commons.math3.stat.ranking.NaturalRanking:314 which is executed by 3 tests
560220142
20:53:28.440 [pool-1-thread-1] DEBUG fr.inria.lille.repair.nopol.NoPol - looking with class fr.inria.lille.repair.nopol.spoon.smt.ConditionalAdder
20:53:49.240 [pool-2-thread-1] WARN  f.i.l.c.s.util.SpoonReferenceLibrary - spoon.SpoonException: spoon.support.compiler.SnippetCompilationError: IntDoublePair cannot be resolved to a type at [C@454c2864:4
20:53:50.805 [pool-2-thread-1] DEBUG tests.output - Failing tests with false: 
[testMath891Matrix(org.apache.commons.math3.stat.correlation.SpearmansRankCorrelationTest): expected:<0.5> but was:<0.6668859288553503>, testMath891Array(org.apache.commons.math3.stat.correlation.SpearmansRankCorrelationTest): expected:<0.5> but was:<0.6668859288553503>]
20:53:50.815 [pool-2-thread-1] DEBUG tests.output - Failing tests with true: 
[testMath891Matrix(org.apache.commons.math3.stat.correlation.SpearmansRankCorrelationTest): got 4x1 but expected 5x1, testMath891Array(org.apache.commons.math3.stat.correlation.SpearmansRankCorrelationTest): expected:<0.5> but was:<0.1054092553389458>]
20:53:50.816 [pool-2-thread-1] INFO  f.i.l.r.n.synth.SMTNopolSynthesizer - Not enough specifications: 0. A trivial patch is "true" or "false", please write new tests specifying SourceLocation org.apache.commons.math3.stat.ranking.NaturalRanking:314.
20:53:50.817 [pool-1-thread-1] DEBUG fr.inria.lille.repair.nopol.NoPol - statement #4
20:53:50.818 [pool-1-thread-1] DEBUG fr.inria.lille.repair.nopol.NoPol - Analysing SourceLocation org.apache.commons.math3.stat.ranking.NaturalRanking:313 which is executed by 3 tests
560220142
20:54:02.201 [pool-1-thread-1] DEBUG fr.inria.lille.repair.nopol.NoPol - looking with class fr.inria.lille.repair.nopol.spoon.smt.ConditionalAdder
20:54:22.453 [pool-8-thread-1] WARN  f.i.l.c.s.util.SpoonReferenceLibrary - spoon.SpoonException: spoon.support.compiler.SnippetCompilationError: IntDoublePair cannot be resolved to a type at [C@509491ac:4
20:54:23.337 [pool-8-thread-1] DEBUG tests.output - Failing tests with false: 
[testMath891Matrix(org.apache.commons.math3.stat.correlation.SpearmansRankCorrelationTest): expected:<0.5> but was:<0.6668859288553503>, testMath891Array(org.apache.commons.math3.stat.correlation.SpearmansRankCorrelationTest): expected:<0.5> but was:<0.6668859288553503>]
20:54:23.415 [pool-8-thread-1] DEBUG tests.output - Failing tests with true: 
[testMath891Matrix(org.apache.commons.math3.stat.correlation.SpearmansRankCorrelationTest): got 4x1 but expected 5x1, testMath891Array(org.apache.commons.math3.stat.correlation.SpearmansRankCorrelationTest): expected:<0.5> but was:<0.1054092553389458>]
20:54:23.417 [pool-8-thread-1] INFO  f.i.l.r.n.synth.SMTNopolSynthesizer - Not enough specifications: 0. A trivial patch is "true" or "false", please write new tests specifying SourceLocation org.apache.commons.math3.stat.ranking.NaturalRanking:313.
20:54:23.418 [pool-1-thread-1] DEBUG fr.inria.lille.repair.nopol.NoPol - looking with class fr.inria.lille.repair.nopol.spoon.smt.ConditionalReplacer
20:54:44.179 [pool-14-thread-1] WARN  f.i.l.c.s.util.SpoonReferenceLibrary - spoon.SpoonException: spoon.support.compiler.SnippetCompilationError: IntDoublePair cannot be resolved to a type at [C@23c3b492:4
20:54:45.083 [pool-14-thread-1] DEBUG tests.output - Failing tests with false: 
[testMath891Matrix(org.apache.commons.math3.stat.correlation.SpearmansRankCorrelationTest): expected:<0.5> but was:<0.6668859288553503>, testMath891Array(org.apache.commons.math3.stat.correlation.SpearmansRankCorrelationTest): expected:<0.5> but was:<0.6668859288553503>]
20:54:45.089 [pool-14-thread-1] DEBUG tests.output - Failing tests with true: 
[testMath891Matrix(org.apache.commons.math3.stat.correlation.SpearmansRankCorrelationTest): got 4x1 but expected 5x1, testMath891Array(org.apache.commons.math3.stat.correlation.SpearmansRankCorrelationTest): expected:<0.5> but was:<0.1054092553389458>]
20:54:45.091 [pool-14-thread-1] INFO  f.i.l.r.n.synth.SMTNopolSynthesizer - Not enough specifications: 0. A trivial patch is "true" or "false", please write new tests specifying SourceLocation org.apache.commons.math3.stat.ranking.NaturalRanking:313.
20:54:45.091 [pool-1-thread-1] DEBUG fr.inria.lille.repair.nopol.NoPol - statement #5
20:54:45.092 [pool-1-thread-1] DEBUG fr.inria.lille.repair.nopol.NoPol - Analysing SourceLocation org.apache.commons.math3.stat.ranking.NaturalRanking:312 which is executed by 3 tests
560220142
20:54:54.809 [pool-1-thread-1] DEBUG fr.inria.lille.repair.nopol.NoPol - looking with class fr.inria.lille.repair.nopol.spoon.smt.ConditionalAdder
20:55:13.279 [pool-20-thread-1] WARN  f.i.l.c.s.util.SpoonReferenceLibrary - spoon.SpoonException: spoon.support.compiler.SnippetCompilationError: IntDoublePair cannot be resolved to a type at [C@65ca246d:4
20:55:14.409 [pool-20-thread-1] DEBUG tests.output - Failing tests with false: 
[testMath891Matrix(org.apache.commons.math3.stat.correlation.SpearmansRankCorrelationTest): expected:<0.5> but was:<0.6668859288553503>, testMath891Array(org.apache.commons.math3.stat.correlation.SpearmansRankCorrelationTest): expected:<0.5> but was:<0.6668859288553503>]
20:55:14.418 [pool-20-thread-1] DEBUG tests.output - Failing tests with true: 
[testMath891Matrix(org.apache.commons.math3.stat.correlation.SpearmansRankCorrelationTest): got 4x1 but expected 5x1, testMath891Array(org.apache.commons.math3.stat.correlation.SpearmansRankCorrelationTest): expected:<0.5> but was:<0.1054092553389458>]
20:55:14.419 [pool-20-thread-1] INFO  f.i.l.r.n.synth.SMTNopolSynthesizer - Not enough specifications: 0. A trivial patch is "true" or "false", please write new tests specifying SourceLocation org.apache.commons.math3.stat.ranking.NaturalRanking:312.
20:55:14.420 [pool-1-thread-1] DEBUG fr.inria.lille.repair.nopol.NoPol - statement #6
20:55:14.421 [pool-1-thread-1] DEBUG fr.inria.lille.repair.nopol.NoPol - Analysing SourceLocation org.apache.commons.math3.stat.ranking.NaturalRanking:287 which is executed by 3 tests
560220142
20:55:25.709 [pool-1-thread-1] DEBUG fr.inria.lille.repair.nopol.NoPol - statement #7
20:55:25.711 [pool-1-thread-1] DEBUG fr.inria.lille.repair.nopol.NoPol - Analysing SourceLocation org.apache.commons.math3.stat.ranking.NaturalRanking:286 which is executed by 3 tests
560220142
20:55:37.913 [pool-1-thread-1] DEBUG fr.inria.lille.repair.nopol.NoPol - looking with class fr.inria.lille.repair.nopol.spoon.smt.ConditionalAdder
20:55:57.930 [pool-26-thread-1] WARN  f.i.l.c.s.util.SpoonReferenceLibrary - spoon.SpoonException: spoon.support.compiler.SnippetCompilationError: IntDoublePair cannot be resolved to a type at [C@66edaf70:4
20:55:59.175 [pool-26-thread-1] DEBUG tests.output - Failing tests with false: 
[testMath891Matrix(org.apache.commons.math3.stat.correlation.SpearmansRankCorrelationTest): null, testMath891Array(org.apache.commons.math3.stat.correlation.SpearmansRankCorrelationTest): null]
20:55:59.185 [pool-26-thread-1] DEBUG tests.output - Failing tests with true: 
[testMath891Matrix(org.apache.commons.math3.stat.correlation.SpearmansRankCorrelationTest): got 4x1 but expected 5x1, testMath891Array(org.apache.commons.math3.stat.correlation.SpearmansRankCorrelationTest): expected:<0.5> but was:<0.1054092553389458>]
20:55:59.186 [pool-26-thread-1] INFO  f.i.l.r.n.synth.SMTNopolSynthesizer - Not enough specifications: 0. A trivial patch is "true" or "false", please write new tests specifying SourceLocation org.apache.commons.math3.stat.ranking.NaturalRanking:286.
20:55:59.187 [pool-1-thread-1] DEBUG fr.inria.lille.repair.nopol.NoPol - statement #8
20:55:59.188 [pool-1-thread-1] DEBUG fr.inria.lille.repair.nopol.NoPol - Analysing SourceLocation org.apache.commons.math3.stat.ranking.NaturalRanking:285 which is executed by 3 tests
560220142
20:56:13.436 [pool-1-thread-1] DEBUG fr.inria.lille.repair.nopol.NoPol - statement #9
20:56:13.437 [pool-1-thread-1] DEBUG fr.inria.lille.repair.nopol.NoPol - Analysing SourceLocation org.apache.commons.math3.stat.ranking.NaturalRanking:282 which is executed by 3 tests
560220142
20:56:33.446 [pool-1-thread-1] DEBUG fr.inria.lille.repair.nopol.NoPol - looking with class fr.inria.lille.repair.nopol.spoon.smt.ConditionalAdder
20:56:51.853 [pool-32-thread-1] WARN  f.i.l.c.s.util.SpoonReferenceLibrary - spoon.SpoonException: spoon.support.compiler.SnippetCompilationError: IntDoublePair cannot be resolved to a type at [C@4f1fd0ab:4
20:56:52.756 [pool-32-thread-1] DEBUG tests.output - Failing tests with false: 
[testMath891Matrix(org.apache.commons.math3.stat.correlation.SpearmansRankCorrelationTest): 0, testMath891Array(org.apache.commons.math3.stat.correlation.SpearmansRankCorrelationTest): 0]
20:56:52.763 [pool-32-thread-1] DEBUG tests.output - Failing tests with true: 
[testMath891Matrix(org.apache.commons.math3.stat.correlation.SpearmansRankCorrelationTest): got 4x1 but expected 5x1, testMath891Array(org.apache.commons.math3.stat.correlation.SpearmansRankCorrelationTest): expected:<0.5> but was:<0.1054092553389458>]
20:56:52.764 [pool-32-thread-1] INFO  f.i.l.r.n.synth.SMTNopolSynthesizer - Not enough specifications: 0. A trivial patch is "true" or "false", please write new tests specifying SourceLocation org.apache.commons.math3.stat.ranking.NaturalRanking:282.
20:56:52.764 [pool-1-thread-1] DEBUG fr.inria.lille.repair.nopol.NoPol - statement #10
20:56:52.765 [pool-1-thread-1] DEBUG fr.inria.lille.repair.nopol.NoPol - Analysing SourceLocation org.apache.commons.math3.stat.ranking.NaturalRanking:281 which is executed by 3 tests
560220142
20:57:02.774 [pool-1-thread-1] DEBUG fr.inria.lille.repair.nopol.NoPol - statement #11
20:57:02.774 [pool-1-thread-1] DEBUG fr.inria.lille.repair.nopol.NoPol - Analysing SourceLocation org.apache.commons.math3.stat.ranking.NaturalRanking:280 which is executed by 3 tests
560220142
20:57:15.198 [pool-1-thread-1] DEBUG fr.inria.lille.repair.nopol.NoPol - looking with class fr.inria.lille.repair.nopol.spoon.smt.ConditionalAdder
20:57:34.673 [pool-38-thread-1] WARN  f.i.l.c.s.util.SpoonReferenceLibrary - spoon.SpoonException: spoon.support.compiler.SnippetCompilationError: IntDoublePair cannot be resolved to a type at [C@51953b5d:4
20:57:35.514 [pool-38-thread-1] DEBUG tests.output - Failing tests with false: 
[testMath891Matrix(org.apache.commons.math3.stat.correlation.SpearmansRankCorrelationTest): null, testMath891Array(org.apache.commons.math3.stat.correlation.SpearmansRankCorrelationTest): null]
20:57:35.521 [pool-38-thread-1] DEBUG tests.output - Failing tests with true: 
[testMath891Matrix(org.apache.commons.math3.stat.correlation.SpearmansRankCorrelationTest): got 4x1 but expected 5x1, testMath891Array(org.apache.commons.math3.stat.correlation.SpearmansRankCorrelationTest): expected:<0.5> but was:<0.1054092553389458>]
20:57:35.522 [pool-38-thread-1] INFO  f.i.l.r.n.synth.SMTNopolSynthesizer - Not enough specifications: 0. A trivial patch is "true" or "false", please write new tests specifying SourceLocation org.apache.commons.math3.stat.ranking.NaturalRanking:280.
20:57:35.523 [pool-1-thread-1] DEBUG fr.inria.lille.repair.nopol.NoPol - statement #12
20:57:35.523 [pool-1-thread-1] DEBUG fr.inria.lille.repair.nopol.NoPol - Analysing SourceLocation org.apache.commons.math3.stat.ranking.NaturalRanking:277 which is executed by 3 tests
560220142
20:57:45.807 [pool-1-thread-1] DEBUG fr.inria.lille.repair.nopol.NoPol - statement #13
20:57:45.807 [pool-1-thread-1] DEBUG fr.inria.lille.repair.nopol.NoPol - Analysing SourceLocation org.apache.commons.math3.stat.ranking.NaturalRanking:276 which is executed by 3 tests
560220142
20:57:59.979 [pool-1-thread-1] DEBUG fr.inria.lille.repair.nopol.NoPol - looking with class fr.inria.lille.repair.nopol.spoon.smt.ConditionalAdder
20:58:26.660 [pool-44-thread-1] WARN  f.i.l.c.s.util.SpoonReferenceLibrary - spoon.SpoonException: spoon.support.compiler.SnippetCompilationError: IntDoublePair cannot be resolved to a type at [C@17a819be:4
20:58:27.393 [pool-44-thread-1] DEBUG tests.output - Failing tests with false: 
[testMath891Matrix(org.apache.commons.math3.stat.correlation.SpearmansRankCorrelationTest): 4, testMath891Array(org.apache.commons.math3.stat.correlation.SpearmansRankCorrelationTest): 4]
20:58:27.399 [pool-44-thread-1] DEBUG tests.output - Failing tests with true: 
[testMath891Matrix(org.apache.commons.math3.stat.correlation.SpearmansRankCorrelationTest): got 4x1 but expected 5x1, testMath891Array(org.apache.commons.math3.stat.correlation.SpearmansRankCorrelationTest): expected:<0.5> but was:<0.1054092553389458>]
20:58:27.400 [pool-44-thread-1] INFO  f.i.l.r.n.synth.SMTNopolSynthesizer - Not enough specifications: 0. A trivial patch is "true" or "false", please write new tests specifying SourceLocation org.apache.commons.math3.stat.ranking.NaturalRanking:276.
20:58:27.401 [pool-1-thread-1] DEBUG fr.inria.lille.repair.nopol.NoPol - statement #14
20:58:27.402 [pool-1-thread-1] DEBUG fr.inria.lille.repair.nopol.NoPol - Analysing SourceLocation org.apache.commons.math3.stat.ranking.NaturalRanking:275 which is executed by 3 tests
560220142
20:58:44.141 [pool-1-thread-1] DEBUG fr.inria.lille.repair.nopol.NoPol - looking with class fr.inria.lille.repair.nopol.spoon.smt.ConditionalAdder
20:59:12.320 [pool-50-thread-1] WARN  f.i.l.c.s.util.SpoonReferenceLibrary - spoon.SpoonException: spoon.support.compiler.SnippetCompilationError: IntDoublePair cannot be resolved to a type at [C@2122ee0f:4
20:59:13.219 [pool-50-thread-1] DEBUG tests.output - Failing tests with false: 
[testMath891Matrix(org.apache.commons.math3.stat.correlation.SpearmansRankCorrelationTest): 4, testMath891Array(org.apache.commons.math3.stat.correlation.SpearmansRankCorrelationTest): 4]
20:59:13.227 [pool-50-thread-1] DEBUG tests.output - Failing tests with true: 
[testMath891Matrix(org.apache.commons.math3.stat.correlation.SpearmansRankCorrelationTest): got 4x1 but expected 5x1, testMath891Array(org.apache.commons.math3.stat.correlation.SpearmansRankCorrelationTest): expected:<0.5> but was:<0.1054092553389458>]
20:59:13.228 [pool-50-thread-1] INFO  f.i.l.r.n.synth.SMTNopolSynthesizer - Not enough specifications: 0. A trivial patch is "true" or "false", please write new tests specifying SourceLocation org.apache.commons.math3.stat.ranking.NaturalRanking:275.
20:59:13.228 [pool-1-thread-1] DEBUG fr.inria.lille.repair.nopol.NoPol - statement #15
20:59:13.229 [pool-1-thread-1] DEBUG fr.inria.lille.repair.nopol.NoPol - Analysing SourceLocation org.apache.commons.math3.stat.ranking.NaturalRanking:273 which is executed by 3 tests
560220142
20:59:28.392 [pool-1-thread-1] DEBUG fr.inria.lille.repair.nopol.NoPol - looking with class fr.inria.lille.repair.nopol.spoon.smt.ConditionalAdder
20:59:55.375 [pool-56-thread-1] WARN  f.i.l.c.s.util.SpoonReferenceLibrary - spoon.SpoonException: spoon.support.compiler.SnippetCompilationError: IntDoublePair cannot be resolved to a type at [C@5f223752:4
20:59:56.289 [pool-56-thread-1] DEBUG tests.output - Failing tests with false: 
[testMath891Matrix(org.apache.commons.math3.stat.correlation.SpearmansRankCorrelationTest): 0, testMath891Array(org.apache.commons.math3.stat.correlation.SpearmansRankCorrelationTest): 0]
20:59:56.295 [pool-56-thread-1] DEBUG tests.output - Failing tests with true: 
[testMath891Matrix(org.apache.commons.math3.stat.correlation.SpearmansRankCorrelationTest): got 4x1 but expected 5x1, testMath891Array(org.apache.commons.math3.stat.correlation.SpearmansRankCorrelationTest): expected:<0.5> but was:<0.1054092553389458>]
20:59:56.296 [pool-56-thread-1] INFO  f.i.l.r.n.synth.SMTNopolSynthesizer - Not enough specifications: 0. A trivial patch is "true" or "false", please write new tests specifying SourceLocation org.apache.commons.math3.stat.ranking.NaturalRanking:273.
20:59:56.297 [pool-1-thread-1] DEBUG fr.inria.lille.repair.nopol.NoPol - looking with class fr.inria.lille.repair.nopol.spoon.smt.ConditionalReplacer
21:00:28.238 [pool-62-thread-1] WARN  f.i.l.c.s.util.SpoonReferenceLibrary - spoon.SpoonException: spoon.support.compiler.SnippetCompilationError: IntDoublePair cannot be resolved to a type at [C@7cd355aa:4
21:00:28.932 [pool-62-thread-1] DEBUG tests.output - Failing tests with false: 
[testMath891Matrix(org.apache.commons.math3.stat.correlation.SpearmansRankCorrelationTest): expected:<0.5> but was:<0.6668859288553503>, testMath891Array(org.apache.commons.math3.stat.correlation.SpearmansRankCorrelationTest): expected:<0.5> but was:<0.6668859288553503>]
21:00:28.933 [pool-62-thread-1] DEBUG tests.output - Failing tests with true: 
[testMath891Matrix(org.apache.commons.math3.stat.correlation.SpearmansRankCorrelationTest): 0, testMath891Array(org.apache.commons.math3.stat.correlation.SpearmansRankCorrelationTest): 0]
21:00:28.934 [pool-62-thread-1] INFO  f.i.l.r.n.synth.SMTNopolSynthesizer - Not enough specifications: 0. A trivial patch is "true" or "false", please write new tests specifying SourceLocation org.apache.commons.math3.stat.ranking.NaturalRanking:273.
21:00:28.935 [pool-1-thread-1] DEBUG fr.inria.lille.repair.nopol.NoPol - statement #16
21:00:28.935 [pool-1-thread-1] DEBUG fr.inria.lille.repair.nopol.NoPol - Analysing SourceLocation org.apache.commons.math3.stat.ranking.NaturalRanking:272 which is executed by 3 tests
560220142
21:00:47.755 [pool-1-thread-1] DEBUG fr.inria.lille.repair.nopol.NoPol - looking with class fr.inria.lille.repair.nopol.spoon.smt.ConditionalAdder
21:01:11.412 [pool-68-thread-1] WARN  f.i.l.c.s.util.SpoonReferenceLibrary - spoon.SpoonException: spoon.support.compiler.SnippetCompilationError: IntDoublePair cannot be resolved to a type at [C@3f1c0f34:4
21:01:12.165 [pool-68-thread-1] DEBUG tests.output - Failing tests with false: 
[testMath891Matrix(org.apache.commons.math3.stat.correlation.SpearmansRankCorrelationTest): 0, testMath891Array(org.apache.commons.math3.stat.correlation.SpearmansRankCorrelationTest): 0]
21:01:12.172 [pool-68-thread-1] DEBUG tests.output - Failing tests with true: 
[testMath891Matrix(org.apache.commons.math3.stat.correlation.SpearmansRankCorrelationTest): got 4x1 but expected 5x1, testMath891Array(org.apache.commons.math3.stat.correlation.SpearmansRankCorrelationTest): expected:<0.5> but was:<0.1054092553389458>]
21:01:12.174 [pool-68-thread-1] INFO  f.i.l.r.n.synth.SMTNopolSynthesizer - Not enough specifications: 0. A trivial patch is "true" or "false", please write new tests specifying SourceLocation org.apache.commons.math3.stat.ranking.NaturalRanking:272.
21:01:12.174 [pool-1-thread-1] DEBUG fr.inria.lille.repair.nopol.NoPol - statement #17
21:01:12.175 [pool-1-thread-1] DEBUG fr.inria.lille.repair.nopol.NoPol - Analysing SourceLocation org.apache.commons.math3.stat.ranking.NaturalRanking:271 which is executed by 3 tests
560220142
21:01:25.760 [pool-1-thread-1] DEBUG fr.inria.lille.repair.nopol.NoPol - statement #18
21:01:25.761 [pool-1-thread-1] DEBUG fr.inria.lille.repair.nopol.NoPol - Analysing SourceLocation org.apache.commons.math3.stat.ranking.NaturalRanking:270 which is executed by 3 tests
560220142
21:01:39.227 [pool-1-thread-1] DEBUG fr.inria.lille.repair.nopol.NoPol - statement #19
21:01:39.229 [pool-1-thread-1] DEBUG fr.inria.lille.repair.nopol.NoPol - Analysing SourceLocation org.apache.commons.math3.stat.ranking.NaturalRanking:267 which is executed by 3 tests
560220142
21:01:49.929 [pool-1-thread-1] DEBUG fr.inria.lille.repair.nopol.NoPol - looking with class fr.inria.lille.repair.nopol.spoon.smt.ConditionalAdder
21:02:10.657 [pool-74-thread-1] WARN  f.i.l.c.s.util.SpoonReferenceLibrary - spoon.SpoonException: spoon.support.compiler.SnippetCompilationError: IntDoublePair cannot be resolved to a type at [C@1dc82406:4
21:02:11.573 [pool-74-thread-1] DEBUG tests.output - Failing tests with false: 
[testMath891Matrix(org.apache.commons.math3.stat.correlation.SpearmansRankCorrelationTest): got 4x1 but expected 5x1, testMath891Array(org.apache.commons.math3.stat.correlation.SpearmansRankCorrelationTest): expected:<0.5> but was:<0.1054092553389458>]
21:02:11.579 [pool-74-thread-1] DEBUG tests.output - Failing tests with true: 
[testMath891Matrix(org.apache.commons.math3.stat.correlation.SpearmansRankCorrelationTest): got 4x1 but expected 5x1, testMath891Array(org.apache.commons.math3.stat.correlation.SpearmansRankCorrelationTest): expected:<0.5> but was:<0.1054092553389458>]
21:02:11.580 [pool-74-thread-1] INFO  f.i.l.r.n.synth.SMTNopolSynthesizer - Not enough specifications: 0. A trivial patch is "true" or "false", please write new tests specifying SourceLocation org.apache.commons.math3.stat.ranking.NaturalRanking:267.
21:02:11.581 [pool-1-thread-1] DEBUG fr.inria.lille.repair.nopol.NoPol - looking with class fr.inria.lille.repair.nopol.spoon.smt.ConditionalReplacer
21:02:41.560 [pool-80-thread-1] WARN  f.i.l.c.s.util.SpoonReferenceLibrary - spoon.SpoonException: spoon.support.compiler.SnippetCompilationError: IntDoublePair cannot be resolved to a type at [C@7e7120dc:4
21:02:42.257 [pool-80-thread-1] DEBUG tests.output - Failing tests with false: 
[testMath891Matrix(org.apache.commons.math3.stat.correlation.SpearmansRankCorrelationTest): got 4x1 but expected 5x1, testMath891Array(org.apache.commons.math3.stat.correlation.SpearmansRankCorrelationTest): expected:<0.5> but was:<0.1054092553389458>]
21:02:42.258 [pool-80-thread-1] DEBUG tests.output - Failing tests with true: 
[testMath891Matrix(org.apache.commons.math3.stat.correlation.SpearmansRankCorrelationTest): expected:<0.5> but was:<0.6668859288553503>, testMath891Array(org.apache.commons.math3.stat.correlation.SpearmansRankCorrelationTest): expected:<0.5> but was:<0.6668859288553503>]
21:02:42.258 [pool-80-thread-1] INFO  f.i.l.r.n.synth.SMTNopolSynthesizer - Not enough specifications: 0. A trivial patch is "true" or "false", please write new tests specifying SourceLocation org.apache.commons.math3.stat.ranking.NaturalRanking:267.
21:02:42.259 [pool-1-thread-1] DEBUG fr.inria.lille.repair.nopol.NoPol - statement #20
21:02:42.259 [pool-1-thread-1] DEBUG fr.inria.lille.repair.nopol.NoPol - Analysing SourceLocation org.apache.commons.math3.stat.ranking.NaturalRanking:211 which is executed by 3 tests
560220142
21:02:52.290 [pool-1-thread-1] DEBUG fr.inria.lille.repair.nopol.NoPol - looking with class fr.inria.lille.repair.nopol.spoon.smt.ConditionalAdder
21:03:41.481 [pool-86-thread-1] DEBUG tests.output - Failing tests with false: 
[testMath891Matrix(org.apache.commons.math3.stat.correlation.SpearmansRankCorrelationTest): got 4x1 but expected 5x1, testMath891Array(org.apache.commons.math3.stat.correlation.SpearmansRankCorrelationTest): expected:<0.5> but was:<0.1054092553389458>]
21:03:41.481 [pool-86-thread-1] DEBUG tests.output - Failing tests with true: 
[testMath891Matrix(org.apache.commons.math3.stat.correlation.SpearmansRankCorrelationTest): got 4x1 but expected 5x1, testMath891Array(org.apache.commons.math3.stat.correlation.SpearmansRankCorrelationTest): expected:<0.5> but was:<0.1054092553389458>]
21:03:41.483 [pool-86-thread-1] INFO  f.i.l.r.n.synth.SMTNopolSynthesizer - Not enough specifications: 0. A trivial patch is "true" or "false", please write new tests specifying SourceLocation org.apache.commons.math3.stat.ranking.NaturalRanking:211.
21:03:41.485 [pool-1-thread-1] DEBUG fr.inria.lille.repair.nopol.NoPol - statement #21
21:03:41.486 [pool-1-thread-1] DEBUG fr.inria.lille.repair.nopol.NoPol - Analysing SourceLocation org.apache.commons.math3.stat.ranking.NaturalRanking:210 which is executed by 3 tests
560220142
21:03:52.010 [pool-1-thread-1] DEBUG fr.inria.lille.repair.nopol.NoPol - looking with class fr.inria.lille.repair.nopol.spoon.smt.ConditionalAdder
21:04:52.399 [pool-92-thread-1] DEBUG tests.output - Failing tests with false: 
[testMath891Matrix(org.apache.commons.math3.stat.correlation.SpearmansRankCorrelationTest): expected:<0.5> but was:<0.6668859288553503>, testMath891Array(org.apache.commons.math3.stat.correlation.SpearmansRankCorrelationTest): expected:<0.5> but was:<0.6668859288553503>]
21:04:52.408 [pool-92-thread-1] DEBUG tests.output - Failing tests with true: 
[testMath891Matrix(org.apache.commons.math3.stat.correlation.SpearmansRankCorrelationTest): got 4x1 but expected 5x1, testMath891Array(org.apache.commons.math3.stat.correlation.SpearmansRankCorrelationTest): expected:<0.5> but was:<0.1054092553389458>]
21:04:52.409 [pool-92-thread-1] INFO  f.i.l.r.n.synth.SMTNopolSynthesizer - Not enough specifications: 0. A trivial patch is "true" or "false", please write new tests specifying SourceLocation org.apache.commons.math3.stat.ranking.NaturalRanking:210.
21:04:52.409 [pool-1-thread-1] DEBUG fr.inria.lille.repair.nopol.NoPol - statement #22
21:04:52.410 [pool-1-thread-1] DEBUG fr.inria.lille.repair.nopol.NoPol - Analysing SourceLocation org.apache.commons.math3.exception.MathIllegalStateException:86 which is executed by 3 tests
-614386291
21:05:01.743 [pool-1-thread-1] DEBUG fr.inria.lille.repair.nopol.NoPol - statement #23
21:05:01.743 [pool-1-thread-1] DEBUG fr.inria.lille.repair.nopol.NoPol - Analysing SourceLocation org.apache.commons.math3.exception.util.ExceptionContext:128 which is executed by 8 tests
-310961535
21:05:12.537 [pool-1-thread-1] DEBUG fr.inria.lille.repair.nopol.NoPol - statement #24
21:05:12.538 [pool-1-thread-1] DEBUG fr.inria.lille.repair.nopol.NoPol - Analysing SourceLocation org.apache.commons.math3.exception.MathIllegalArgumentException:63 which is executed by 1 tests
32654469
21:05:22.301 [pool-1-thread-1] DEBUG fr.inria.lille.repair.nopol.NoPol - statement #25
21:05:22.301 [pool-1-thread-1] DEBUG fr.inria.lille.repair.nopol.NoPol - Analysing SourceLocation org.apache.commons.math3.linear.Array2DRowRealMatrix:325 which is executed by 1 tests
-1875222545
21:05:32.793 [pool-1-thread-1] DEBUG fr.inria.lille.repair.nopol.NoPol - statement #26
21:05:32.794 [pool-1-thread-1] DEBUG fr.inria.lille.repair.nopol.NoPol - Analysing SourceLocation org.apache.commons.math3.linear.Array2DRowRealMatrix:324 which is executed by 1 tests
-1875222545
21:05:55.471 [pool-1-thread-1] DEBUG fr.inria.lille.repair.nopol.NoPol - looking with class fr.inria.lille.repair.nopol.spoon.smt.ConditionalAdder
21:06:07.399 [pool-98-thread-1] DEBUG tests.output - Failing tests with false: 
[testMath891Matrix(org.apache.commons.math3.stat.correlation.SpearmansRankCorrelationTest): expected:<0.5> but was:<NaN>, testMath891Array(org.apache.commons.math3.stat.correlation.SpearmansRankCorrelationTest): expected:<0.5> but was:<0.1054092553389458>]
21:06:07.406 [pool-98-thread-1] DEBUG tests.output - Failing tests with true: 
[testMath891Matrix(org.apache.commons.math3.stat.correlation.SpearmansRankCorrelationTest): got 4x1 but expected 5x1, testMath891Array(org.apache.commons.math3.stat.correlation.SpearmansRankCorrelationTest): expected:<0.5> but was:<0.1054092553389458>]
21:06:07.407 [pool-98-thread-1] INFO  f.i.l.r.n.synth.SMTNopolSynthesizer - Not enough specifications: 0. A trivial patch is "true" or "false", please write new tests specifying SourceLocation org.apache.commons.math3.linear.Array2DRowRealMatrix:324.
21:06:07.408 [pool-1-thread-1] DEBUG fr.inria.lille.repair.nopol.NoPol - statement #27
21:06:07.408 [pool-1-thread-1] DEBUG fr.inria.lille.repair.nopol.NoPol - Analysing SourceLocation org.apache.commons.math3.linear.Array2DRowRealMatrix:323 which is executed by 1 tests
-1875222545
21:06:23.293 [pool-1-thread-1] DEBUG fr.inria.lille.repair.nopol.NoPol - looking with class fr.inria.lille.repair.nopol.spoon.smt.ConditionalAdder
21:06:36.345 [pool-104-thread-1] DEBUG tests.output - Failing tests with false: 
[testMath891Matrix(org.apache.commons.math3.stat.correlation.SpearmansRankCorrelationTest): got 4x1 but expected 5x1, testMath891Array(org.apache.commons.math3.stat.correlation.SpearmansRankCorrelationTest): expected:<0.5> but was:<0.1054092553389458>]
21:06:36.346 [pool-104-thread-1] DEBUG tests.output - Failing tests with true: 
[testMath891Matrix(org.apache.commons.math3.stat.correlation.SpearmansRankCorrelationTest): got 4x1 but expected 5x1, testMath891Array(org.apache.commons.math3.stat.correlation.SpearmansRankCorrelationTest): expected:<0.5> but was:<0.1054092553389458>]
21:06:36.350 [pool-104-thread-1] INFO  f.i.l.r.n.synth.SMTNopolSynthesizer - Not enough specifications: 0. A trivial patch is "true" or "false", please write new tests specifying SourceLocation org.apache.commons.math3.linear.Array2DRowRealMatrix:323.
21:06:36.351 [pool-1-thread-1] DEBUG fr.inria.lille.repair.nopol.NoPol - statement #28
21:06:36.352 [pool-1-thread-1] DEBUG fr.inria.lille.repair.nopol.NoPol - Analysing SourceLocation org.apache.commons.math3.optimization.direct.BOBYQAOptimizer:1167 which is executed by 4 tests
283261218
21:06:50.336 [pool-1-thread-1] DEBUG fr.inria.lille.repair.nopol.NoPol - looking with class fr.inria.lille.repair.nopol.spoon.smt.ConditionalAdder
21:08:28.473 [pool-110-thread-1] DEBUG tests.output - Failing tests with false: 
[testAckley(org.apache.commons.math3.optimization.direct.BOBYQAOptimizerTest): trust region step has failed to reduce Q, testDiffPow(org.apache.commons.math3.optimization.direct.BOBYQAOptimizerTest): trust region step has failed to reduce Q]
21:08:28.476 [pool-110-thread-1] DEBUG tests.output - Failing tests with true: 
[testAckley(org.apache.commons.math3.optimization.direct.BOBYQAOptimizerTest): expected:<0.0> but was:<1.047765607609108E-8>, testDiffPow(org.apache.commons.math3.optimization.direct.BOBYQAOptimizerTest): illegal state: maximal count (12,000) exceeded: evaluations]
21:08:28.477 [pool-110-thread-1] INFO  f.i.l.r.n.synth.SMTNopolSynthesizer - Not enough specifications: 0. A trivial patch is "true" or "false", please write new tests specifying SourceLocation org.apache.commons.math3.optimization.direct.BOBYQAOptimizer:1167.
21:08:28.477 [pool-1-thread-1] DEBUG fr.inria.lille.repair.nopol.NoPol - statement #29
21:08:28.478 [pool-1-thread-1] DEBUG fr.inria.lille.repair.nopol.NoPol - Analysing SourceLocation org.apache.commons.math3.optim.nonlinear.scalar.noderiv.BOBYQAOptimizer:1161 which is executed by 4 tests
283261218
21:08:42.020 [pool-1-thread-1] DEBUG fr.inria.lille.repair.nopol.NoPol - looking with class fr.inria.lille.repair.nopol.spoon.smt.ConditionalAdder
21:10:36.254 [pool-116-thread-1] DEBUG tests.output - Failing tests with false: 
[testAckley(org.apache.commons.math3.optim.nonlinear.scalar.noderiv.BOBYQAOptimizerTest): trust region step has failed to reduce Q, testDiffPow(org.apache.commons.math3.optim.nonlinear.scalar.noderiv.BOBYQAOptimizerTest): trust region step has failed to reduce Q]
21:10:36.257 [pool-116-thread-1] DEBUG tests.output - Failing tests with true: 
[testAckley(org.apache.commons.math3.optim.nonlinear.scalar.noderiv.BOBYQAOptimizerTest): expected:<0.0> but was:<1.047765607609108E-8>, testDiffPow(org.apache.commons.math3.optim.nonlinear.scalar.noderiv.BOBYQAOptimizerTest): illegal state: maximal count (12,000) exceeded: evaluations]
21:10:36.259 [pool-116-thread-1] INFO  f.i.l.r.n.synth.SMTNopolSynthesizer - Not enough specifications: 0. A trivial patch is "true" or "false", please write new tests specifying SourceLocation org.apache.commons.math3.optim.nonlinear.scalar.noderiv.BOBYQAOptimizer:1161.
21:10:36.260 [pool-1-thread-1] DEBUG fr.inria.lille.repair.nopol.NoPol - statement #30
21:10:36.262 [pool-1-thread-1] DEBUG fr.inria.lille.repair.nopol.NoPol - Analysing SourceLocation org.apache.commons.math3.exception.util.ExceptionContext:182 which is executed by 4 tests
-310961535
21:10:52.872 [pool-1-thread-1] DEBUG fr.inria.lille.repair.nopol.NoPol - looking with class fr.inria.lille.repair.nopol.spoon.smt.ConditionalAdder
21:11:52.200 [pool-122-thread-1] DEBUG tests.output - Failing tests with false: 
[testAckley(org.apache.commons.math3.optimization.direct.BOBYQAOptimizerTest): expected:<0.0> but was:<1.047765607609108E-8>, testAckley(org.apache.commons.math3.optim.nonlinear.scalar.noderiv.BOBYQAOptimizerTest): expected:<0.0> but was:<1.047765607609108E-8>, testDiffPow(org.apache.commons.math3.optim.nonlinear.scalar.noderiv.BOBYQAOptimizerTest): illegal state: maximal count (12,000) exceeded: evaluations, testDiffPow(org.apache.commons.math3.optimization.direct.BOBYQAOptimizerTest): illegal state: maximal count (12,000) exceeded: evaluations]
21:11:52.203 [pool-122-thread-1] DEBUG tests.output - Failing tests with true: 
[testAckley(org.apache.commons.math3.optimization.direct.BOBYQAOptimizerTest): expected:<0.0> but was:<1.047765607609108E-8>, testAckley(org.apache.commons.math3.optim.nonlinear.scalar.noderiv.BOBYQAOptimizerTest): expected:<0.0> but was:<1.047765607609108E-8>, testDiffPow(org.apache.commons.math3.optim.nonlinear.scalar.noderiv.BOBYQAOptimizerTest): illegal state: maximal count (12,000) exceeded: evaluations, testDiffPow(org.apache.commons.math3.optimization.direct.BOBYQAOptimizerTest): illegal state: maximal count (12,000) exceeded: evaluations]
21:11:52.204 [pool-122-thread-1] INFO  f.i.l.r.n.synth.SMTNopolSynthesizer - Not enough specifications: 0. A trivial patch is "true" or "false", please write new tests specifying SourceLocation org.apache.commons.math3.exception.util.ExceptionContext:182.
21:11:52.205 [pool-1-thread-1] DEBUG fr.inria.lille.repair.nopol.NoPol - statement #31
21:11:52.206 [pool-1-thread-1] DEBUG fr.inria.lille.repair.nopol.NoPol - Analysing SourceLocation org.apache.commons.math3.exception.util.ExceptionContext:147 which is executed by 9 tests
-310961535
21:12:05.345 [pool-1-thread-1] DEBUG fr.inria.lille.repair.nopol.NoPol - statement #32
21:12:05.347 [pool-1-thread-1] DEBUG fr.inria.lille.repair.nopol.NoPol - Analysing SourceLocation org.apache.commons.math3.exception.util.ExceptionContext:186 which is executed by 10 tests
-310961535
21:12:24.350 [pool-1-thread-1] DEBUG fr.inria.lille.repair.nopol.NoPol - statement #33
21:12:24.351 [pool-1-thread-1] DEBUG fr.inria.lille.repair.nopol.NoPol - Analysing SourceLocation org.apache.commons.math3.exception.util.ExceptionContext:180 which is executed by 10 tests
-310961535
21:12:40.511 [pool-1-thread-1] DEBUG fr.inria.lille.repair.nopol.NoPol - looking with class fr.inria.lille.repair.nopol.spoon.smt.ConditionalAdder
21:13:41.152 [pool-132-thread-1] DEBUG tests.output - Failing tests with false: 
[testAckley(org.apache.commons.math3.optimization.direct.BOBYQAOptimizerTest): expected:<0.0> but was:<1.047765607609108E-8>, testAckley(org.apache.commons.math3.optim.nonlinear.scalar.noderiv.BOBYQAOptimizerTest): expected:<0.0> but was:<1.047765607609108E-8>, testDiffPow(org.apache.commons.math3.optim.nonlinear.scalar.noderiv.BOBYQAOptimizerTest): illegal state: maximal count (12,000) exceeded: evaluations, testMath891Array(org.apache.commons.math3.stat.correlation.SpearmansRankCorrelationTest): expected:<0.5> but was:<0.1054092553389458>, testMath891Matrix(org.apache.commons.math3.stat.correlation.SpearmansRankCorrelationTest): got 4x1 but expected 5x1, testDiffPow(org.apache.commons.math3.optimization.direct.BOBYQAOptimizerTest): illegal state: maximal count (12,000) exceeded: evaluations]
21:13:41.155 [pool-132-thread-1] DEBUG tests.output - Failing tests with true: 
[testAckley(org.apache.commons.math3.optimization.direct.BOBYQAOptimizerTest): expected:<0.0> but was:<1.047765607609108E-8>, testAckley(org.apache.commons.math3.optim.nonlinear.scalar.noderiv.BOBYQAOptimizerTest): expected:<0.0> but was:<1.047765607609108E-8>, testDiffPow(org.apache.commons.math3.optim.nonlinear.scalar.noderiv.BOBYQAOptimizerTest): illegal state: maximal count (12,000) exceeded: evaluations, testMath891Array(org.apache.commons.math3.stat.correlation.SpearmansRankCorrelationTest): expected:<0.5> but was:<0.1054092553389458>, testMath891Matrix(org.apache.commons.math3.stat.correlation.SpearmansRankCorrelationTest): got 4x1 but expected 5x1, testDiffPow(org.apache.commons.math3.optimization.direct.BOBYQAOptimizerTest): illegal state: maximal count (12,000) exceeded: evaluations]
21:13:41.162 [pool-132-thread-1] INFO  f.i.l.r.n.synth.SMTNopolSynthesizer - Not enough specifications: 0. A trivial patch is "true" or "false", please write new tests specifying SourceLocation org.apache.commons.math3.exception.util.ExceptionContext:180.
21:13:41.163 [pool-1-thread-1] DEBUG fr.inria.lille.repair.nopol.NoPol - looking with class fr.inria.lille.repair.nopol.spoon.smt.ConditionalReplacer
21:14:40.995 [pool-146-thread-1] DEBUG tests.output - Failing tests with false: 
[testAckley(org.apache.commons.math3.optimization.direct.BOBYQAOptimizerTest): expected:<0.0> but was:<1.047765607609108E-8>, testAckley(org.apache.commons.math3.optim.nonlinear.scalar.noderiv.BOBYQAOptimizerTest): expected:<0.0> but was:<1.047765607609108E-8>, testDiffPow(org.apache.commons.math3.optim.nonlinear.scalar.noderiv.BOBYQAOptimizerTest): illegal state: maximal count (12,000) exceeded: evaluations, testMath891Array(org.apache.commons.math3.stat.correlation.SpearmansRankCorrelationTest): expected:<0.5> but was:<0.1054092553389458>, testMath891Matrix(org.apache.commons.math3.stat.correlation.SpearmansRankCorrelationTest): got 4x1 but expected 5x1, testDiffPow(org.apache.commons.math3.optimization.direct.BOBYQAOptimizerTest): illegal state: maximal count (12,000) exceeded: evaluations]
21:14:40.998 [pool-146-thread-1] DEBUG tests.output - Failing tests with true: 
[testAckley(org.apache.commons.math3.optimization.direct.BOBYQAOptimizerTest): expected:<0.0> but was:<1.047765607609108E-8>, testAckley(org.apache.commons.math3.optim.nonlinear.scalar.noderiv.BOBYQAOptimizerTest): expected:<0.0> but was:<1.047765607609108E-8>, testDiffPow(org.apache.commons.math3.optim.nonlinear.scalar.noderiv.BOBYQAOptimizerTest): illegal state: maximal count (12,000) exceeded: evaluations, testMath891Array(org.apache.commons.math3.stat.correlation.SpearmansRankCorrelationTest): expected:<0.5> but was:<0.1054092553389458>, testMath891Matrix(org.apache.commons.math3.stat.correlation.SpearmansRankCorrelationTest): got 4x1 but expected 5x1, testDiffPow(org.apache.commons.math3.optimization.direct.BOBYQAOptimizerTest): illegal state: maximal count (12,000) exceeded: evaluations]
21:14:40.998 [pool-146-thread-1] INFO  f.i.l.r.n.synth.SMTNopolSynthesizer - Not enough specifications: 0. A trivial patch is "true" or "false", please write new tests specifying SourceLocation org.apache.commons.math3.exception.util.ExceptionContext:180.
21:14:40.999 [pool-1-thread-1] DEBUG fr.inria.lille.repair.nopol.NoPol - statement #34
21:14:41.000 [pool-1-thread-1] DEBUG fr.inria.lille.repair.nopol.NoPol - Analysing SourceLocation org.apache.commons.math3.exception.util.ExceptionContext:179 which is executed by 10 tests
-310961535
21:14:55.354 [pool-1-thread-1] DEBUG fr.inria.lille.repair.nopol.NoPol - looking with class fr.inria.lille.repair.nopol.spoon.smt.ConditionalAdder
21:15:48.157 [pool-160-thread-1] DEBUG tests.output - Failing tests with false: 
[testAckley(org.apache.commons.math3.optimization.direct.BOBYQAOptimizerTest): expected:<0.0> but was:<1.047765607609108E-8>, testAckley(org.apache.commons.math3.optim.nonlinear.scalar.noderiv.BOBYQAOptimizerTest): expected:<0.0> but was:<1.047765607609108E-8>, testDiffPow(org.apache.commons.math3.optim.nonlinear.scalar.noderiv.BOBYQAOptimizerTest): illegal state: maximal count (12,000) exceeded: evaluations, testMath891Array(org.apache.commons.math3.stat.correlation.SpearmansRankCorrelationTest): expected:<0.5> but was:<0.1054092553389458>, testMath891Matrix(org.apache.commons.math3.stat.correlation.SpearmansRankCorrelationTest): got 4x1 but expected 5x1, testDiffPow(org.apache.commons.math3.optimization.direct.BOBYQAOptimizerTest): illegal state: maximal count (12,000) exceeded: evaluations]
21:15:48.158 [pool-160-thread-1] DEBUG tests.output - Failing tests with true: 
[testAckley(org.apache.commons.math3.optimization.direct.BOBYQAOptimizerTest): expected:<0.0> but was:<1.047765607609108E-8>, testAckley(org.apache.commons.math3.optim.nonlinear.scalar.noderiv.BOBYQAOptimizerTest): expected:<0.0> but was:<1.047765607609108E-8>, testDiffPow(org.apache.commons.math3.optim.nonlinear.scalar.noderiv.BOBYQAOptimizerTest): illegal state: maximal count (12,000) exceeded: evaluations, testMath891Array(org.apache.commons.math3.stat.correlation.SpearmansRankCorrelationTest): expected:<0.5> but was:<0.1054092553389458>, testMath891Matrix(org.apache.commons.math3.stat.correlation.SpearmansRankCorrelationTest): got 4x1 but expected 5x1, testDiffPow(org.apache.commons.math3.optimization.direct.BOBYQAOptimizerTest): illegal state: maximal count (12,000) exceeded: evaluations]
21:15:48.159 [pool-160-thread-1] INFO  f.i.l.r.n.synth.SMTNopolSynthesizer - Not enough specifications: 0. A trivial patch is "true" or "false", please write new tests specifying SourceLocation org.apache.commons.math3.exception.util.ExceptionContext:179.
21:15:48.160 [pool-1-thread-1] DEBUG fr.inria.lille.repair.nopol.NoPol - statement #35
21:15:48.160 [pool-1-thread-1] DEBUG fr.inria.lille.repair.nopol.NoPol - Analysing SourceLocation org.apache.commons.math3.exception.util.ExceptionContext:177 which is executed by 10 tests
-310961535
21:15:59.682 [pool-1-thread-1] DEBUG fr.inria.lille.repair.nopol.NoPol - statement #36
21:15:59.683 [pool-1-thread-1] DEBUG fr.inria.lille.repair.nopol.NoPol - Analysing SourceLocation org.apache.commons.math3.exception.util.ExceptionContext:176 which is executed by 10 tests
-310961535
21:16:17.522 [pool-1-thread-1] DEBUG fr.inria.lille.repair.nopol.NoPol - statement #37
21:16:17.523 [pool-1-thread-1] DEBUG fr.inria.lille.repair.nopol.NoPol - Analysing SourceLocation org.apache.commons.math3.exception.util.ExceptionContext:175 which is executed by 10 tests
-310961535
21:16:33.066 [pool-1-thread-1] DEBUG fr.inria.lille.repair.nopol.NoPol - statement #38
21:16:33.067 [pool-1-thread-1] DEBUG fr.inria.lille.repair.nopol.NoPol - Analysing SourceLocation org.apache.commons.math3.exception.util.ExceptionContext:174 which is executed by 10 tests
-310961535
21:16:45.398 [pool-1-thread-1] DEBUG fr.inria.lille.repair.nopol.NoPol - looking with class fr.inria.lille.repair.nopol.spoon.smt.ConditionalAdder
21:17:36.600 [pool-174-thread-1] DEBUG tests.output - Failing tests with false: 
[testAckley(org.apache.commons.math3.optimization.direct.BOBYQAOptimizerTest): expected:<0.0> but was:<1.047765607609108E-8>, testAckley(org.apache.commons.math3.optim.nonlinear.scalar.noderiv.BOBYQAOptimizerTest): expected:<0.0> but was:<1.047765607609108E-8>, testDiffPow(org.apache.commons.math3.optim.nonlinear.scalar.noderiv.BOBYQAOptimizerTest): illegal state: maximal count (12,000) exceeded: evaluations, testMath891Array(org.apache.commons.math3.stat.correlation.SpearmansRankCorrelationTest): expected:<0.5> but was:<0.1054092553389458>, testMath891Matrix(org.apache.commons.math3.stat.correlation.SpearmansRankCorrelationTest): got 4x1 but expected 5x1, testDiffPow(org.apache.commons.math3.optimization.direct.BOBYQAOptimizerTest): illegal state: maximal count (12,000) exceeded: evaluations]
21:17:36.602 [pool-174-thread-1] DEBUG tests.output - Failing tests with true: 
[testAckley(org.apache.commons.math3.optimization.direct.BOBYQAOptimizerTest): expected:<0.0> but was:<1.047765607609108E-8>, testAckley(org.apache.commons.math3.optim.nonlinear.scalar.noderiv.BOBYQAOptimizerTest): expected:<0.0> but was:<1.047765607609108E-8>, testDiffPow(org.apache.commons.math3.optim.nonlinear.scalar.noderiv.BOBYQAOptimizerTest): illegal state: maximal count (12,000) exceeded: evaluations, testMath891Array(org.apache.commons.math3.stat.correlation.SpearmansRankCorrelationTest): expected:<0.5> but was:<0.1054092553389458>, testMath891Matrix(org.apache.commons.math3.stat.correlation.SpearmansRankCorrelationTest): got 4x1 but expected 5x1, testDiffPow(org.apache.commons.math3.optimization.direct.BOBYQAOptimizerTest): illegal state: maximal count (12,000) exceeded: evaluations]
21:17:36.603 [pool-174-thread-1] INFO  f.i.l.r.n.synth.SMTNopolSynthesizer - Not enough specifications: 0. A trivial patch is "true" or "false", please write new tests specifying SourceLocation org.apache.commons.math3.exception.util.ExceptionContext:174.
21:17:36.604 [pool-1-thread-1] DEBUG fr.inria.lille.repair.nopol.NoPol - statement #39
21:17:36.605 [pool-1-thread-1] DEBUG fr.inria.lille.repair.nopol.NoPol - Analysing SourceLocation org.apache.commons.math3.exception.util.ExceptionContext:173 which is executed by 10 tests
-310961535
21:17:47.990 [pool-1-thread-1] DEBUG fr.inria.lille.repair.nopol.NoPol - statement #40
21:17:47.991 [pool-1-thread-1] DEBUG fr.inria.lille.repair.nopol.NoPol - Analysing SourceLocation org.apache.commons.math3.exception.util.ExceptionContext:172 which is executed by 10 tests
-310961535
21:18:02.846 [pool-1-thread-1] DEBUG fr.inria.lille.repair.nopol.NoPol - statement #41
21:18:02.847 [pool-1-thread-1] DEBUG fr.inria.lille.repair.nopol.NoPol - Analysing SourceLocation org.apache.commons.math3.exception.util.ExceptionContext:171 which is executed by 10 tests
-310961535
21:18:13.429 [pool-1-thread-1] DEBUG fr.inria.lille.repair.nopol.NoPol - statement #42
21:18:13.431 [pool-1-thread-1] DEBUG fr.inria.lille.repair.nopol.NoPol - Analysing SourceLocation org.apache.commons.math3.exception.util.LocalizedFormats:396 which is executed by 11 tests
-1352183934
21:18:24.154 [pool-1-thread-1] DEBUG fr.inria.lille.repair.nopol.NoPol - statement #43
21:18:24.155 [pool-1-thread-1] DEBUG fr.inria.lille.repair.nopol.NoPol - Analysing SourceLocation org.apache.commons.math3.optimization.direct.BOBYQAOptimizer:2069 which is executed by 5 tests
283261218
21:18:35.746 [pool-1-thread-1] DEBUG fr.inria.lille.repair.nopol.NoPol - looking with class fr.inria.lille.repair.nopol.spoon.smt.ConditionalAdder
21:23:54.211 [pool-188-thread-1] DEBUG xxl.java.junit.TestSuiteExecution - Timeout after 200 seconds. Infinite loop?
21:24:36.928 [pool-1-thread-1] ERROR fr.inria.lille.repair.nopol.NoPol - Error ExecutionException java.util.concurrent.ExecutionException: java.lang.RuntimeException: java.util.concurrent.TimeoutException
21:25:07.828 [pool-1-thread-1] DEBUG fr.inria.lille.repair.nopol.NoPol - statement #44
21:25:10.588 [pool-1-thread-1] DEBUG fr.inria.lille.repair.nopol.NoPol - Analysing SourceLocation org.apache.commons.math3.optim.nonlinear.scalar.noderiv.BOBYQAOptimizer:2063 which is executed by 5 tests
